Performing C SOURCE FILE Test CMAKE_HAVE_LIBC_PTHREAD failed with the following output:
Change Dir: /home/autocam/dvrk2.1_ws/build/dvrk_gazebo_control/CMakeFiles/CMakeTmp

Run Build Command(s):/usr/bin/make -f Makefile cmTC_d3bc5/fast && /usr/bin/make  -f CMakeFiles/cmTC_d3bc5.dir/build.make CMakeFiles/cmTC_d3bc5.dir/build
make[1]: Entering directory '/home/autocam/dvrk2.1_ws/build/dvrk_gazebo_control/CMakeFiles/CMakeTmp'
Building C object CMakeFiles/cmTC_d3bc5.dir/src.c.o
/usr/bin/cc -DCMAKE_HAVE_LIBC_PTHREAD   -o CMakeFiles/cmTC_d3bc5.dir/src.c.o -c /home/autocam/dvrk2.1_ws/build/dvrk_gazebo_control/CMakeFiles/CMakeTmp/src.c
Linking C executable cmTC_d3bc5
/usr/bin/cmake -E cmake_link_script CMakeFiles/cmTC_d3bc5.dir/link.txt --verbose=1
/usr/bin/cc -rdynamic CMakeFiles/cmTC_d3bc5.dir/src.c.o -o cmTC_d3bc5 
CMakeFiles/cmTC_d3bc5.dir/src.c.o: In function `main':
src.c:(.text+0x3e): undefined reference to `pthread_create'
src.c:(.text+0x4a): undefined reference to `pthread_detach'
src.c:(.text+0x56): undefined reference to `pthread_cancel'
src.c:(.text+0x67): undefined reference to `pthread_join'
src.c:(.text+0x7b): undefined reference to `pthread_atfork'
collect2: error: ld returned 1 exit status
CMakeFiles/cmTC_d3bc5.dir/build.make:98: recipe for target 'cmTC_d3bc5' failed
make[1]: *** [cmTC_d3bc5] Error 1
make[1]: Leaving directory '/home/autocam/dvrk2.1_ws/build/dvrk_gazebo_control/CMakeFiles/CMakeTmp'
Makefile:127: recipe for target 'cmTC_d3bc5/fast' failed
make: *** [cmTC_d3bc5/fast] Error 2


Source file was:
#include <pthread.h>

static void* test_func(void* data)
{
  return data;
}

int main(void)
{
  pthread_t thread;
  pthread_create(&thread, NULL, test_func, NULL);
  pthread_detach(thread);
  pthread_cancel(thread);
  pthread_join(thread, NULL);
  pthread_atfork(NULL, NULL, NULL);
  pthread_exit(NULL);

  return 0;
}

Determining if the function pthread_create exists in the pthreads failed with the following output:
Change Dir: /home/autocam/dvrk2.1_ws/build/dvrk_gazebo_control/CMakeFiles/CMakeTmp

Run Build Command(s):/usr/bin/make -f Makefile cmTC_1d8fd/fast && /usr/bin/make  -f CMakeFiles/cmTC_1d8fd.dir/build.make CMakeFiles/cmTC_1d8fd.dir/build
make[1]: Entering directory '/home/autocam/dvrk2.1_ws/build/dvrk_gazebo_control/CMakeFiles/CMakeTmp'
Building C object CMakeFiles/cmTC_1d8fd.dir/CheckFunctionExists.c.o
/usr/bin/cc   -DCHECK_FUNCTION_EXISTS=pthread_create -o CMakeFiles/cmTC_1d8fd.dir/CheckFunctionExists.c.o -c /usr/share/cmake-3.22/Modules/CheckFunctionExists.c
Linking C executable cmTC_1d8fd
/usr/bin/cmake -E cmake_link_script CMakeFiles/cmTC_1d8fd.dir/link.txt --verbose=1
/usr/bin/cc  -DCHECK_FUNCTION_EXISTS=pthread_create -rdynamic CMakeFiles/cmTC_1d8fd.dir/CheckFunctionExists.c.o -o cmTC_1d8fd  -lpthreads 
/usr/bin/ld: cannot find -lpthreads
collect2: error: ld returned 1 exit status
CMakeFiles/cmTC_1d8fd.dir/build.make:98: recipe for target 'cmTC_1d8fd' failed
make[1]: *** [cmTC_1d8fd] Error 1
make[1]: Leaving directory '/home/autocam/dvrk2.1_ws/build/dvrk_gazebo_control/CMakeFiles/CMakeTmp'
Makefile:127: recipe for target 'cmTC_1d8fd/fast' failed
make: *** [cmTC_1d8fd/fast] Error 2



