[35m[1mConsolidate compiler generated dependencies of target sawControllers[0m
[  7%] [34m[1mAutomatic MOC for target sawControllersQt[0m
[ 38%] [32mBuilding CXX object CMakeFiles/sawControllers.dir/code/osaCartesianImpedanceController.cpp.o[0m
[ 38%] [32mBuilding CXX object CMakeFiles/sawControllers.dir/code/osaGravityCompensation.cpp.o[0m
[ 38%] [32mBuilding CXX object CMakeFiles/sawControllers.dir/code/osaPIDAntiWindup.cpp.o[0m
[ 38%] [32mBuilding CXX object CMakeFiles/sawControllers.dir/code/osaPDGC.cpp.o[0m
[ 38%] Built target sawControllersQt_autogen
[ 46%] [32mBuilding CXX object CMakeFiles/sawControllers.dir/code/mtsController.cpp.o[0m
[ 53%] [32mBuilding CXX object CMakeFiles/sawControllers.dir/code/mtsGravityCompensation.cpp.o[0m
[ 61%] [32mBuilding CXX object CMakeFiles/sawControllers.dir/code/mtsPDGC.cpp.o[0m
[ 69%] [32mBuilding CXX object CMakeFiles/sawControllers.dir/code/mtsPID.cpp.o[0m
[35m[1mConsolidate compiler generated dependencies of target sawControllersQt[0m
[ 76%] [32mBuilding CXX object code/Qt/CMakeFiles/sawControllersQt.dir/sawControllersQt_autogen/mocs_compilation.cpp.o[0m
[ 84%] [32mBuilding CXX object code/Qt/CMakeFiles/sawControllersQt.dir/mtsPIDQtWidget.cpp.o[0m
[01m[K/home/autocam/dvrk2.1_ws/src/cisst-saw/sawControllers/components/code/mtsPID.cpp:[m[K In member function ‘[01m[Kvirtual void mtsPID::Configure(const string&)[m[K’:
[01m[K/home/autocam/dvrk2.1_ws/src/cisst-saw/sawControllers/components/code/mtsPID.cpp:246:23:[m[K [01;35m[Kwarning: [m[Kcomparison between signed and unsigned integer expressions [[01;35m[K-Wsign-compare[m[K]
     for (int i = 0; [01;35m[Ki < mNumberOfJoints[m[K; i++) {
                     [01;35m[K~~^~~~~~~~~~~~~~~~~[m[K
[ 92%] [32m[1mLinking CXX shared library /home/autocam/dvrk2.1_ws/devel/.private/saw_controllers/lib/libsawControllersQt.so[0m
[ 92%] Built target sawControllersQt
[100%] [32m[1mLinking CXX shared library /home/autocam/dvrk2.1_ws/devel/.private/saw_controllers/lib/libsawControllers.so[0m
[100%] Built target sawControllers
