Not searching for unused variables given on the command line.
[36m--[0m The C compiler identification is GNU 7.5.0
[36m--[0m The CXX compiler identification is GNU 7.5.0
[36m--[0m Detecting C compiler ABI info
[36m--[0m Detecting C compiler ABI info - done
[36m--[0m Check for working C compiler: /usr/bin/cc - skipped
[36m--[0m Detecting C compile features
[36m--[0m Detecting C compile features - done
[36m--[0m Detecting CXX compiler ABI info
[36m--[0m Detecting CXX compiler ABI info - done
[36m--[0m Check for working CXX compiler: /usr/bin/c++ - skipped
[36m--[0m Detecting CXX compile features
[36m--[0m Detecting CXX compile features - done
[0mCMake Deprecation Warning at CMakeLists.txt:14 (cmake_minimum_required):
  Compatibility with CMake < 2.8.12 will be removed from a future version of
  CMake.

  Update the VERSION argument <min> value or use a ...<max> suffix to tell
  CMake that the project does not need compatibility with older versions.

[0m
[36m--[0m Performing Test CXX_SUPPORTS_WEXTRA
[36m--[0m Performing Test CXX_SUPPORTS_WEXTRA - Success
[36m--[0m Performing Test CXX_SUPPORTS_WALL
[36m--[0m Performing Test CXX_SUPPORTS_WALL - Success
[36m--[0m Assuming cisst is built using ROS/catkin since ROS_ROOT is defined in environment
[36m--[0m Configuring done
[36m--[0m Generating done
[36m--[0m Build files have been written to: /home/autocam/dvrk2.1_ws/build/saw_keyboard
