Performing C SOURCE FILE Test CMAKE_HAVE_LIBC_PTHREAD failed with the following output:
Change Dir: /home/autocam/dvrk2.1_ws/build/cisst_ros_crtk/CMakeFiles/CMakeTmp

Run Build Command(s):/usr/bin/make -f Makefile cmTC_72dbd/fast && /usr/bin/make  -f CMakeFiles/cmTC_72dbd.dir/build.make CMakeFiles/cmTC_72dbd.dir/build
make[1]: Entering directory '/home/autocam/dvrk2.1_ws/build/cisst_ros_crtk/CMakeFiles/CMakeTmp'
Building C object CMakeFiles/cmTC_72dbd.dir/src.c.o
/usr/bin/cc -DCMAKE_HAVE_LIBC_PTHREAD   -o CMakeFiles/cmTC_72dbd.dir/src.c.o -c /home/autocam/dvrk2.1_ws/build/cisst_ros_crtk/CMakeFiles/CMakeTmp/src.c
Linking C executable cmTC_72dbd
/usr/bin/cmake -E cmake_link_script CMakeFiles/cmTC_72dbd.dir/link.txt --verbose=1
/usr/bin/cc -rdynamic CMakeFiles/cmTC_72dbd.dir/src.c.o -o cmTC_72dbd 
CMakeFiles/cmTC_72dbd.dir/src.c.o: In function `main':
src.c:(.text+0x3e): undefined reference to `pthread_create'
src.c:(.text+0x4a): undefined reference to `pthread_detach'
src.c:(.text+0x56): undefined reference to `pthread_cancel'
src.c:(.text+0x67): undefined reference to `pthread_join'
src.c:(.text+0x7b): undefined reference to `pthread_atfork'
collect2: error: ld returned 1 exit status
CMakeFiles/cmTC_72dbd.dir/build.make:98: recipe for target 'cmTC_72dbd' failed
make[1]: *** [cmTC_72dbd] Error 1
make[1]: Leaving directory '/home/autocam/dvrk2.1_ws/build/cisst_ros_crtk/CMakeFiles/CMakeTmp'
Makefile:127: recipe for target 'cmTC_72dbd/fast' failed
make: *** [cmTC_72dbd/fast] Error 2


Source file was:
#include <pthread.h>

static void* test_func(void* data)
{
  return data;
}

int main(void)
{
  pthread_t thread;
  pthread_create(&thread, NULL, test_func, NULL);
  pthread_detach(thread);
  pthread_cancel(thread);
  pthread_join(thread, NULL);
  pthread_atfork(NULL, NULL, NULL);
  pthread_exit(NULL);

  return 0;
}

Determining if the function pthread_create exists in the pthreads failed with the following output:
Change Dir: /home/autocam/dvrk2.1_ws/build/cisst_ros_crtk/CMakeFiles/CMakeTmp

Run Build Command(s):/usr/bin/make -f Makefile cmTC_5e2ad/fast && /usr/bin/make  -f CMakeFiles/cmTC_5e2ad.dir/build.make CMakeFiles/cmTC_5e2ad.dir/build
make[1]: Entering directory '/home/autocam/dvrk2.1_ws/build/cisst_ros_crtk/CMakeFiles/CMakeTmp'
Building C object CMakeFiles/cmTC_5e2ad.dir/CheckFunctionExists.c.o
/usr/bin/cc   -DCHECK_FUNCTION_EXISTS=pthread_create -o CMakeFiles/cmTC_5e2ad.dir/CheckFunctionExists.c.o -c /usr/share/cmake-3.22/Modules/CheckFunctionExists.c
Linking C executable cmTC_5e2ad
/usr/bin/cmake -E cmake_link_script CMakeFiles/cmTC_5e2ad.dir/link.txt --verbose=1
/usr/bin/cc  -DCHECK_FUNCTION_EXISTS=pthread_create -rdynamic CMakeFiles/cmTC_5e2ad.dir/CheckFunctionExists.c.o -o cmTC_5e2ad  -lpthreads 
/usr/bin/ld: cannot find -lpthreads
collect2: error: ld returned 1 exit status
CMakeFiles/cmTC_5e2ad.dir/build.make:98: recipe for target 'cmTC_5e2ad' failed
make[1]: *** [cmTC_5e2ad] Error 1
make[1]: Leaving directory '/home/autocam/dvrk2.1_ws/build/cisst_ros_crtk/CMakeFiles/CMakeTmp'
Makefile:127: recipe for target 'cmTC_5e2ad/fast' failed
make: *** [cmTC_5e2ad/fast] Error 2



