[35m[1mConsolidate compiler generated dependencies of target sawRobotIO1394DataCollection[0m
[35m[1mConsolidate compiler generated dependencies of target sawRobotIO1394CurrentCalibration[0m
[35m[1mConsolidate compiler generated dependencies of target sawRobotIO1394XMLtoJSON[0m
[35m[1mConsolidate compiler generated dependencies of target sawRobotIO1394QtConsole[0m
[  7%] [34m[1mAutomatic MOC for target sawRobotIO1394QtDataPlot[0m
[ 23%] [32mBuilding CXX object xml-to-json/CMakeFiles/sawRobotIO1394XMLtoJSON.dir/main.cpp.o[0m
[ 23%] [32mBuilding CXX object data-collection/CMakeFiles/sawRobotIO1394DataCollection.dir/main.cpp.o[0m
[ 30%] [32mBuilding CXX object current-calibration/CMakeFiles/sawRobotIO1394CurrentCalibration.dir/main.cpp.o[0m
[ 38%] [32mBuilding CXX object Qt/CMakeFiles/sawRobotIO1394QtConsole.dir/mainQt.cpp.o[0m
[ 38%] Built target sawRobotIO1394QtDataPlot_autogen
[ 46%] [32m[1mLinking CXX executable /home/autocam/dvrk2.1_ws/devel/.private/saw_robot_io_1394_applications/bin/sawRobotIO1394XMLtoJSON[0m
[ 46%] Built target sawRobotIO1394XMLtoJSON
[35m[1mConsolidate compiler generated dependencies of target sawRobotIO1394QtDataPlot[0m
[ 53%] [32mBuilding CXX object data-plot/CMakeFiles/sawRobotIO1394QtDataPlot.dir/sawRobotIO1394QtDataPlot_autogen/mocs_compilation.cpp.o[0m
[ 61%] [32m[1mLinking CXX executable /home/autocam/dvrk2.1_ws/devel/.private/saw_robot_io_1394_applications/bin/sawRobotIO1394DataCollection[0m
[ 61%] Built target sawRobotIO1394DataCollection
[ 69%] [32mBuilding CXX object data-plot/CMakeFiles/sawRobotIO1394QtDataPlot.dir/main.cpp.o[0m
[ 76%] [32m[1mLinking CXX executable /home/autocam/dvrk2.1_ws/devel/.private/saw_robot_io_1394_applications/bin/sawRobotIO1394CurrentCalibration[0m
[ 76%] Built target sawRobotIO1394CurrentCalibration
[ 84%] [32mBuilding CXX object data-plot/CMakeFiles/sawRobotIO1394QtDataPlot.dir/plotObject.cpp.o[0m
[ 92%] [32m[1mLinking CXX executable /home/autocam/dvrk2.1_ws/devel/.private/saw_robot_io_1394_applications/bin/sawRobotIO1394QtConsole[0m
[100%] [32m[1mLinking CXX executable /home/autocam/dvrk2.1_ws/devel/.private/saw_robot_io_1394_applications/bin/sawRobotIO1394QtDataPlot[0m
[100%] Built target sawRobotIO1394QtConsole
[100%] Built target sawRobotIO1394QtDataPlot
