Linked: (/home/autocam/dvrk2.1_ws/devel/.private/cisst_msgs/lib/python2.7/dist-packages/cisst_msgs/__init__.py, /home/autocam/dvrk2.1_ws/devel/lib/python2.7/dist-packages/cisst_msgs/__init__.py)
Linked: (/home/autocam/dvrk2.1_ws/devel/.private/cisst_msgs/lib/python2.7/dist-packages/cisst_msgs/srv/_QueryForwardKinematics.py, /home/autocam/dvrk2.1_ws/devel/lib/python2.7/dist-packages/cisst_msgs/srv/_QueryForwardKinematics.py)
Linked: (/home/autocam/dvrk2.1_ws/devel/.private/cisst_msgs/lib/python2.7/dist-packages/cisst_msgs/srv/__init__.py, /home/autocam/dvrk2.1_ws/devel/lib/python2.7/dist-packages/cisst_msgs/srv/__init__.py)
Linked: (/home/autocam/dvrk2.1_ws/devel/.private/cisst_msgs/lib/python2.7/dist-packages/cisst_msgs/msg/_BoolStamped.py, /home/autocam/dvrk2.1_ws/devel/lib/python2.7/dist-packages/cisst_msgs/msg/_BoolStamped.py)
Linked: (/home/autocam/dvrk2.1_ws/devel/.private/cisst_msgs/lib/python2.7/dist-packages/cisst_msgs/msg/_StringStamped.py, /home/autocam/dvrk2.1_ws/devel/lib/python2.7/dist-packages/cisst_msgs/msg/_StringStamped.py)
Linked: (/home/autocam/dvrk2.1_ws/devel/.private/cisst_msgs/lib/python2.7/dist-packages/cisst_msgs/msg/_prmCartesianImpedanceGains.py, /home/autocam/dvrk2.1_ws/devel/lib/python2.7/dist-packages/cisst_msgs/msg/_prmCartesianImpedanceGains.py)
Linked: (/home/autocam/dvrk2.1_ws/devel/.private/cisst_msgs/lib/python2.7/dist-packages/cisst_msgs/msg/_mtsIntervalStatistics.py, /home/autocam/dvrk2.1_ws/devel/lib/python2.7/dist-packages/cisst_msgs/msg/_mtsIntervalStatistics.py)
Linked: (/home/autocam/dvrk2.1_ws/devel/.private/cisst_msgs/lib/python2.7/dist-packages/cisst_msgs/msg/_vctDoubleVec.py, /home/autocam/dvrk2.1_ws/devel/lib/python2.7/dist-packages/cisst_msgs/msg/_vctDoubleVec.py)
Linked: (/home/autocam/dvrk2.1_ws/devel/.private/cisst_msgs/lib/python2.7/dist-packages/cisst_msgs/msg/__init__.py, /home/autocam/dvrk2.1_ws/devel/lib/python2.7/dist-packages/cisst_msgs/msg/__init__.py)
Linked: (/home/autocam/dvrk2.1_ws/devel/.private/cisst_msgs/lib/pkgconfig/cisst_msgs.pc, /home/autocam/dvrk2.1_ws/devel/lib/pkgconfig/cisst_msgs.pc)
Linked: (/home/autocam/dvrk2.1_ws/devel/.private/cisst_msgs/share/common-lisp/ros/cisst_msgs/srv/cisst_msgs-srv.asd, /home/autocam/dvrk2.1_ws/devel/share/common-lisp/ros/cisst_msgs/srv/cisst_msgs-srv.asd)
Linked: (/home/autocam/dvrk2.1_ws/devel/.private/cisst_msgs/share/common-lisp/ros/cisst_msgs/srv/QueryForwardKinematics.lisp, /home/autocam/dvrk2.1_ws/devel/share/common-lisp/ros/cisst_msgs/srv/QueryForwardKinematics.lisp)
Linked: (/home/autocam/dvrk2.1_ws/devel/.private/cisst_msgs/share/common-lisp/ros/cisst_msgs/srv/_package.lisp, /home/autocam/dvrk2.1_ws/devel/share/common-lisp/ros/cisst_msgs/srv/_package.lisp)
Linked: (/home/autocam/dvrk2.1_ws/devel/.private/cisst_msgs/share/common-lisp/ros/cisst_msgs/srv/_package_QueryForwardKinematics.lisp, /home/autocam/dvrk2.1_ws/devel/share/common-lisp/ros/cisst_msgs/srv/_package_QueryForwardKinematics.lisp)
Linked: (/home/autocam/dvrk2.1_ws/devel/.private/cisst_msgs/share/common-lisp/ros/cisst_msgs/msg/_package_mtsIntervalStatistics.lisp, /home/autocam/dvrk2.1_ws/devel/share/common-lisp/ros/cisst_msgs/msg/_package_mtsIntervalStatistics.lisp)
Linked: (/home/autocam/dvrk2.1_ws/devel/.private/cisst_msgs/share/common-lisp/ros/cisst_msgs/msg/BoolStamped.lisp, /home/autocam/dvrk2.1_ws/devel/share/common-lisp/ros/cisst_msgs/msg/BoolStamped.lisp)
Linked: (/home/autocam/dvrk2.1_ws/devel/.private/cisst_msgs/share/common-lisp/ros/cisst_msgs/msg/mtsIntervalStatistics.lisp, /home/autocam/dvrk2.1_ws/devel/share/common-lisp/ros/cisst_msgs/msg/mtsIntervalStatistics.lisp)
Linked: (/home/autocam/dvrk2.1_ws/devel/.private/cisst_msgs/share/common-lisp/ros/cisst_msgs/msg/_package_prmCartesianImpedanceGains.lisp, /home/autocam/dvrk2.1_ws/devel/share/common-lisp/ros/cisst_msgs/msg/_package_prmCartesianImpedanceGains.lisp)
Linked: (/home/autocam/dvrk2.1_ws/devel/.private/cisst_msgs/share/common-lisp/ros/cisst_msgs/msg/vctDoubleVec.lisp, /home/autocam/dvrk2.1_ws/devel/share/common-lisp/ros/cisst_msgs/msg/vctDoubleVec.lisp)
Linked: (/home/autocam/dvrk2.1_ws/devel/.private/cisst_msgs/share/common-lisp/ros/cisst_msgs/msg/StringStamped.lisp, /home/autocam/dvrk2.1_ws/devel/share/common-lisp/ros/cisst_msgs/msg/StringStamped.lisp)
Linked: (/home/autocam/dvrk2.1_ws/devel/.private/cisst_msgs/share/common-lisp/ros/cisst_msgs/msg/_package_StringStamped.lisp, /home/autocam/dvrk2.1_ws/devel/share/common-lisp/ros/cisst_msgs/msg/_package_StringStamped.lisp)
Linked: (/home/autocam/dvrk2.1_ws/devel/.private/cisst_msgs/share/common-lisp/ros/cisst_msgs/msg/_package.lisp, /home/autocam/dvrk2.1_ws/devel/share/common-lisp/ros/cisst_msgs/msg/_package.lisp)
Linked: (/home/autocam/dvrk2.1_ws/devel/.private/cisst_msgs/share/common-lisp/ros/cisst_msgs/msg/cisst_msgs-msg.asd, /home/autocam/dvrk2.1_ws/devel/share/common-lisp/ros/cisst_msgs/msg/cisst_msgs-msg.asd)
Linked: (/home/autocam/dvrk2.1_ws/devel/.private/cisst_msgs/share/common-lisp/ros/cisst_msgs/msg/prmCartesianImpedanceGains.lisp, /home/autocam/dvrk2.1_ws/devel/share/common-lisp/ros/cisst_msgs/msg/prmCartesianImpedanceGains.lisp)
Linked: (/home/autocam/dvrk2.1_ws/devel/.private/cisst_msgs/share/common-lisp/ros/cisst_msgs/msg/_package_BoolStamped.lisp, /home/autocam/dvrk2.1_ws/devel/share/common-lisp/ros/cisst_msgs/msg/_package_BoolStamped.lisp)
Linked: (/home/autocam/dvrk2.1_ws/devel/.private/cisst_msgs/share/common-lisp/ros/cisst_msgs/msg/_package_vctDoubleVec.lisp, /home/autocam/dvrk2.1_ws/devel/share/common-lisp/ros/cisst_msgs/msg/_package_vctDoubleVec.lisp)
Linked: (/home/autocam/dvrk2.1_ws/devel/.private/cisst_msgs/share/cisst_msgs/cmake/cisst_msgs-msg-paths.cmake, /home/autocam/dvrk2.1_ws/devel/share/cisst_msgs/cmake/cisst_msgs-msg-paths.cmake)
Linked: (/home/autocam/dvrk2.1_ws/devel/.private/cisst_msgs/share/cisst_msgs/cmake/cisst_msgsConfig-version.cmake, /home/autocam/dvrk2.1_ws/devel/share/cisst_msgs/cmake/cisst_msgsConfig-version.cmake)
Linked: (/home/autocam/dvrk2.1_ws/devel/.private/cisst_msgs/share/cisst_msgs/cmake/cisst_msgs-msg-extras.cmake, /home/autocam/dvrk2.1_ws/devel/share/cisst_msgs/cmake/cisst_msgs-msg-extras.cmake)
Linked: (/home/autocam/dvrk2.1_ws/devel/.private/cisst_msgs/share/cisst_msgs/cmake/cisst_msgsConfig.cmake, /home/autocam/dvrk2.1_ws/devel/share/cisst_msgs/cmake/cisst_msgsConfig.cmake)
Linked: (/home/autocam/dvrk2.1_ws/devel/.private/cisst_msgs/share/gennodejs/ros/cisst_msgs/_index.js, /home/autocam/dvrk2.1_ws/devel/share/gennodejs/ros/cisst_msgs/_index.js)
Linked: (/home/autocam/dvrk2.1_ws/devel/.private/cisst_msgs/share/gennodejs/ros/cisst_msgs/srv/QueryForwardKinematics.js, /home/autocam/dvrk2.1_ws/devel/share/gennodejs/ros/cisst_msgs/srv/QueryForwardKinematics.js)
Linked: (/home/autocam/dvrk2.1_ws/devel/.private/cisst_msgs/share/gennodejs/ros/cisst_msgs/srv/_index.js, /home/autocam/dvrk2.1_ws/devel/share/gennodejs/ros/cisst_msgs/srv/_index.js)
Linked: (/home/autocam/dvrk2.1_ws/devel/.private/cisst_msgs/share/gennodejs/ros/cisst_msgs/msg/vctDoubleVec.js, /home/autocam/dvrk2.1_ws/devel/share/gennodejs/ros/cisst_msgs/msg/vctDoubleVec.js)
Linked: (/home/autocam/dvrk2.1_ws/devel/.private/cisst_msgs/share/gennodejs/ros/cisst_msgs/msg/StringStamped.js, /home/autocam/dvrk2.1_ws/devel/share/gennodejs/ros/cisst_msgs/msg/StringStamped.js)
Linked: (/home/autocam/dvrk2.1_ws/devel/.private/cisst_msgs/share/gennodejs/ros/cisst_msgs/msg/prmCartesianImpedanceGains.js, /home/autocam/dvrk2.1_ws/devel/share/gennodejs/ros/cisst_msgs/msg/prmCartesianImpedanceGains.js)
Linked: (/home/autocam/dvrk2.1_ws/devel/.private/cisst_msgs/share/gennodejs/ros/cisst_msgs/msg/BoolStamped.js, /home/autocam/dvrk2.1_ws/devel/share/gennodejs/ros/cisst_msgs/msg/BoolStamped.js)
Linked: (/home/autocam/dvrk2.1_ws/devel/.private/cisst_msgs/share/gennodejs/ros/cisst_msgs/msg/mtsIntervalStatistics.js, /home/autocam/dvrk2.1_ws/devel/share/gennodejs/ros/cisst_msgs/msg/mtsIntervalStatistics.js)
Linked: (/home/autocam/dvrk2.1_ws/devel/.private/cisst_msgs/share/gennodejs/ros/cisst_msgs/msg/_index.js, /home/autocam/dvrk2.1_ws/devel/share/gennodejs/ros/cisst_msgs/msg/_index.js)
Linked: (/home/autocam/dvrk2.1_ws/devel/.private/cisst_msgs/share/roseus/ros/cisst_msgs/manifest.l, /home/autocam/dvrk2.1_ws/devel/share/roseus/ros/cisst_msgs/manifest.l)
Linked: (/home/autocam/dvrk2.1_ws/devel/.private/cisst_msgs/share/roseus/ros/cisst_msgs/srv/QueryForwardKinematics.l, /home/autocam/dvrk2.1_ws/devel/share/roseus/ros/cisst_msgs/srv/QueryForwardKinematics.l)
Linked: (/home/autocam/dvrk2.1_ws/devel/.private/cisst_msgs/share/roseus/ros/cisst_msgs/msg/vctDoubleVec.l, /home/autocam/dvrk2.1_ws/devel/share/roseus/ros/cisst_msgs/msg/vctDoubleVec.l)
Linked: (/home/autocam/dvrk2.1_ws/devel/.private/cisst_msgs/share/roseus/ros/cisst_msgs/msg/StringStamped.l, /home/autocam/dvrk2.1_ws/devel/share/roseus/ros/cisst_msgs/msg/StringStamped.l)
Linked: (/home/autocam/dvrk2.1_ws/devel/.private/cisst_msgs/share/roseus/ros/cisst_msgs/msg/mtsIntervalStatistics.l, /home/autocam/dvrk2.1_ws/devel/share/roseus/ros/cisst_msgs/msg/mtsIntervalStatistics.l)
Linked: (/home/autocam/dvrk2.1_ws/devel/.private/cisst_msgs/share/roseus/ros/cisst_msgs/msg/BoolStamped.l, /home/autocam/dvrk2.1_ws/devel/share/roseus/ros/cisst_msgs/msg/BoolStamped.l)
Linked: (/home/autocam/dvrk2.1_ws/devel/.private/cisst_msgs/share/roseus/ros/cisst_msgs/msg/prmCartesianImpedanceGains.l, /home/autocam/dvrk2.1_ws/devel/share/roseus/ros/cisst_msgs/msg/prmCartesianImpedanceGains.l)
Linked: (/home/autocam/dvrk2.1_ws/devel/.private/cisst_msgs/include/cisst_msgs/StringStamped.h, /home/autocam/dvrk2.1_ws/devel/include/cisst_msgs/StringStamped.h)
Linked: (/home/autocam/dvrk2.1_ws/devel/.private/cisst_msgs/include/cisst_msgs/mtsIntervalStatistics.h, /home/autocam/dvrk2.1_ws/devel/include/cisst_msgs/mtsIntervalStatistics.h)
Linked: (/home/autocam/dvrk2.1_ws/devel/.private/cisst_msgs/include/cisst_msgs/vctDoubleVec.h, /home/autocam/dvrk2.1_ws/devel/include/cisst_msgs/vctDoubleVec.h)
Linked: (/home/autocam/dvrk2.1_ws/devel/.private/cisst_msgs/include/cisst_msgs/prmCartesianImpedanceGains.h, /home/autocam/dvrk2.1_ws/devel/include/cisst_msgs/prmCartesianImpedanceGains.h)
Linked: (/home/autocam/dvrk2.1_ws/devel/.private/cisst_msgs/include/cisst_msgs/QueryForwardKinematicsResponse.h, /home/autocam/dvrk2.1_ws/devel/include/cisst_msgs/QueryForwardKinematicsResponse.h)
Linked: (/home/autocam/dvrk2.1_ws/devel/.private/cisst_msgs/include/cisst_msgs/QueryForwardKinematicsRequest.h, /home/autocam/dvrk2.1_ws/devel/include/cisst_msgs/QueryForwardKinematicsRequest.h)
Linked: (/home/autocam/dvrk2.1_ws/devel/.private/cisst_msgs/include/cisst_msgs/QueryForwardKinematics.h, /home/autocam/dvrk2.1_ws/devel/include/cisst_msgs/QueryForwardKinematics.h)
Linked: (/home/autocam/dvrk2.1_ws/devel/.private/cisst_msgs/include/cisst_msgs/BoolStamped.h, /home/autocam/dvrk2.1_ws/devel/include/cisst_msgs/BoolStamped.h)
