Not searching for unused variables given on the command line.
[0mCMake Deprecation Warning at CMakeLists.txt:9 (cmake_minimum_required):
  Compatibility with CMake < 2.8.12 will be removed from a future version of
  CMake.

  Update the VERSION argument <min> value or use a ...<max> suffix to tell
  CMake that the project does not need compatibility with older versions.

[0m
[36m--[0m The Fortran compiler identification is GNU 7.5.0
[36m--[0m Detecting Fortran compiler ABI info
[36m--[0m Detecting Fortran compiler ABI info - done
[36m--[0m Check for working Fortran compiler: /usr/bin/f95 - skipped
[36m--[0m The C compiler identification is GNU 7.5.0
[36m--[0m Detecting C compiler ABI info
[36m--[0m Detecting C compiler ABI info - done
[36m--[0m Check for working C compiler: /usr/bin/cc - skipped
[36m--[0m Detecting C compile features
[36m--[0m Detecting C compile features - done
[0mUsing fortran runtime library: /usr/lib/x86_64-linux-gnu/libgfortran.so.4.0.0[0m
[0mUsing gcc runtime library: /usr/lib/gcc/x86_64-linux-gnu/7/libgcc.a[0m
[0mUsing quadmath library: /usr/lib/gcc/x86_64-linux-gnu/7/libquadmath.a[0m
[36m--[0m Configuring done
[36m--[0m Generating done
[36m--[0m Build files have been written to: /home/autocam/dvrk2.1_ws/build/cisst_netlib
