[0mCMake Deprecation Warning at CMakeLists.txt:1 (cmake_minimum_required):
  Compatibility with CMake < 2.8.12 will be removed from a future version of
  CMake.

  Update the VERSION argument <min> value or use a ...<max> suffix to tell
  CMake that the project does not need compatibility with older versions.

[0m
[0mCMake Deprecation Warning at /home/autocam/dvrk2.1_ws/build/cisst_netlib/cisstNetlibLapack/src/cisstNetlib_Fortran/INSTALL/CMakeLists.txt:1 (cmake_minimum_required):
  Compatibility with CMake < 2.8.12 will be removed from a future version of
  CMake.

  Update the VERSION argument <min> value or use a ...<max> suffix to tell
  CMake that the project does not need compatibility with older versions.

[0m
[0mCMake Deprecation Warning at /home/autocam/dvrk2.1_ws/build/cisst_netlib/cisstNetlibLapack/src/cisstNetlib_Fortran/INSTALL/CMakeLists.txt:1 (cmake_minimum_required):
  Compatibility with CMake < 2.8.12 will be removed from a future version of
  CMake.

  Update the VERSION argument <min> value or use a ...<max> suffix to tell
  CMake that the project does not need compatibility with older versions.

[0m
[0mCMake Deprecation Warning at /home/autocam/dvrk2.1_ws/build/cisst_netlib/cisstNetlibLapack/src/cisstNetlib_Fortran/INSTALL/CMakeLists.txt:1 (cmake_minimum_required):
  Compatibility with CMake < 2.8.12 will be removed from a future version of
  CMake.

  Update the VERSION argument <min> value or use a ...<max> suffix to tell
  CMake that the project does not need compatibility with older versions.

[0m
[0mCMake Deprecation Warning at /home/autocam/dvrk2.1_ws/build/cisst_netlib/cisstNetlibLapack/src/cisstNetlib_Fortran/INSTALL/CMakeLists.txt:1 (cmake_minimum_required):
  Compatibility with CMake < 2.8.12 will be removed from a future version of
  CMake.

  Update the VERSION argument <min> value or use a ...<max> suffix to tell
  CMake that the project does not need compatibility with older versions.

[0m
[0mCMake Deprecation Warning at /home/autocam/dvrk2.1_ws/build/cisst_netlib/cisstNetlibLapack/src/cisstNetlib_Fortran/INSTALL/CMakeLists.txt:1 (cmake_minimum_required):
  Compatibility with CMake < 2.8.12 will be removed from a future version of
  CMake.

  Update the VERSION argument <min> value or use a ...<max> suffix to tell
  CMake that the project does not need compatibility with older versions.

[0m
[33mCMake Warning (dev) at BLAS/TESTING/CMakeLists.txt:33 (get_target_property):
  Policy CMP0026 is not set: Disallow use of the LOCATION target property.
  Run "cmake --help-policy CMP0026" for policy details.  Use the cmake_policy
  command to set the policy and suppress this warning.

  The LOCATION property should not be read from target "xblat1d".  Use the
  target name directly with add_custom_command, or use the generator
  expression $<TARGET_FILE>, as appropriate.

Call Stack (most recent call first):
  BLAS/TESTING/CMakeLists.txt:56 (add_blas_test)
This warning is for project developers.  Use -Wno-dev to suppress it.
[0m
[33mCMake Warning (dev) at BLAS/TESTING/CMakeLists.txt:33 (get_target_property):
  Policy CMP0026 is not set: Disallow use of the LOCATION target property.
  Run "cmake --help-policy CMP0026" for policy details.  Use the cmake_policy
  command to set the policy and suppress this warning.

  The LOCATION property should not be read from target "xblat2d".  Use the
  target name directly with add_custom_command, or use the generator
  expression $<TARGET_FILE>, as appropriate.

Call Stack (most recent call first):
  BLAS/TESTING/CMakeLists.txt:57 (add_blas_test)
This warning is for project developers.  Use -Wno-dev to suppress it.
[0m
[33mCMake Warning (dev) at BLAS/TESTING/CMakeLists.txt:33 (get_target_property):
  Policy CMP0026 is not set: Disallow use of the LOCATION target property.
  Run "cmake --help-policy CMP0026" for policy details.  Use the cmake_policy
  command to set the policy and suppress this warning.

  The LOCATION property should not be read from target "xblat3d".  Use the
  target name directly with add_custom_command, or use the generator
  expression $<TARGET_FILE>, as appropriate.

Call Stack (most recent call first):
  BLAS/TESTING/CMakeLists.txt:58 (add_blas_test)
This warning is for project developers.  Use -Wno-dev to suppress it.
[0m
[33mCMake Warning (dev) at TESTING/CMakeLists.txt:13 (get_target_property):
  Policy CMP0026 is not set: Disallow use of the LOCATION target property.
  Run "cmake --help-policy CMP0026" for policy details.  Use the cmake_policy
  command to set the policy and suppress this warning.

  The LOCATION property should not be read from target "xlintstd".  Use the
  target name directly with add_custom_command, or use the generator
  expression $<TARGET_FILE>, as appropriate.

Call Stack (most recent call first):
  TESTING/CMakeLists.txt:96 (add_lapack_test)
This warning is for project developers.  Use -Wno-dev to suppress it.
[0m
[33mCMake Warning (dev) at TESTING/CMakeLists.txt:13 (get_target_property):
  Policy CMP0026 is not set: Disallow use of the LOCATION target property.
  Run "cmake --help-policy CMP0026" for policy details.  Use the cmake_policy
  command to set the policy and suppress this warning.

  The LOCATION property should not be read from target "xlintstrfd".  Use the
  target name directly with add_custom_command, or use the generator
  expression $<TARGET_FILE>, as appropriate.

Call Stack (most recent call first):
  TESTING/CMakeLists.txt:99 (add_lapack_test)
This warning is for project developers.  Use -Wno-dev to suppress it.
[0m
[33mCMake Warning (dev) at TESTING/CMakeLists.txt:13 (get_target_property):
  Policy CMP0026 is not set: Disallow use of the LOCATION target property.
  Run "cmake --help-policy CMP0026" for policy details.  Use the cmake_policy
  command to set the policy and suppress this warning.

  The LOCATION property should not be read from target "xeigtstd".  Use the
  target name directly with add_custom_command, or use the generator
  expression $<TARGET_FILE>, as appropriate.

Call Stack (most recent call first):
  TESTING/CMakeLists.txt:103 (add_lapack_test)
This warning is for project developers.  Use -Wno-dev to suppress it.
[0m
[33mCMake Warning (dev) at TESTING/CMakeLists.txt:13 (get_target_property):
  Policy CMP0026 is not set: Disallow use of the LOCATION target property.
  Run "cmake --help-policy CMP0026" for policy details.  Use the cmake_policy
  command to set the policy and suppress this warning.

  The LOCATION property should not be read from target "xeigtstd".  Use the
  target name directly with add_custom_command, or use the generator
  expression $<TARGET_FILE>, as appropriate.

Call Stack (most recent call first):
  TESTING/CMakeLists.txt:106 (add_lapack_test)
This warning is for project developers.  Use -Wno-dev to suppress it.
[0m
[33mCMake Warning (dev) at TESTING/CMakeLists.txt:13 (get_target_property):
  Policy CMP0026 is not set: Disallow use of the LOCATION target property.
  Run "cmake --help-policy CMP0026" for policy details.  Use the cmake_policy
  command to set the policy and suppress this warning.

  The LOCATION property should not be read from target "xeigtstd".  Use the
  target name directly with add_custom_command, or use the generator
  expression $<TARGET_FILE>, as appropriate.

Call Stack (most recent call first):
  TESTING/CMakeLists.txt:109 (add_lapack_test)
This warning is for project developers.  Use -Wno-dev to suppress it.
[0m
[33mCMake Warning (dev) at TESTING/CMakeLists.txt:13 (get_target_property):
  Policy CMP0026 is not set: Disallow use of the LOCATION target property.
  Run "cmake --help-policy CMP0026" for policy details.  Use the cmake_policy
  command to set the policy and suppress this warning.

  The LOCATION property should not be read from target "xeigtstd".  Use the
  target name directly with add_custom_command, or use the generator
  expression $<TARGET_FILE>, as appropriate.

Call Stack (most recent call first):
  TESTING/CMakeLists.txt:112 (add_lapack_test)
This warning is for project developers.  Use -Wno-dev to suppress it.
[0m
[33mCMake Warning (dev) at TESTING/CMakeLists.txt:13 (get_target_property):
  Policy CMP0026 is not set: Disallow use of the LOCATION target property.
  Run "cmake --help-policy CMP0026" for policy details.  Use the cmake_policy
  command to set the policy and suppress this warning.

  The LOCATION property should not be read from target "xeigtstd".  Use the
  target name directly with add_custom_command, or use the generator
  expression $<TARGET_FILE>, as appropriate.

Call Stack (most recent call first):
  TESTING/CMakeLists.txt:115 (add_lapack_test)
This warning is for project developers.  Use -Wno-dev to suppress it.
[0m
[33mCMake Warning (dev) at TESTING/CMakeLists.txt:13 (get_target_property):
  Policy CMP0026 is not set: Disallow use of the LOCATION target property.
  Run "cmake --help-policy CMP0026" for policy details.  Use the cmake_policy
  command to set the policy and suppress this warning.

  The LOCATION property should not be read from target "xeigtstd".  Use the
  target name directly with add_custom_command, or use the generator
  expression $<TARGET_FILE>, as appropriate.

Call Stack (most recent call first):
  TESTING/CMakeLists.txt:118 (add_lapack_test)
This warning is for project developers.  Use -Wno-dev to suppress it.
[0m
[33mCMake Warning (dev) at TESTING/CMakeLists.txt:13 (get_target_property):
  Policy CMP0026 is not set: Disallow use of the LOCATION target property.
  Run "cmake --help-policy CMP0026" for policy details.  Use the cmake_policy
  command to set the policy and suppress this warning.

  The LOCATION property should not be read from target "xeigtstd".  Use the
  target name directly with add_custom_command, or use the generator
  expression $<TARGET_FILE>, as appropriate.

Call Stack (most recent call first):
  TESTING/CMakeLists.txt:121 (add_lapack_test)
This warning is for project developers.  Use -Wno-dev to suppress it.
[0m
[33mCMake Warning (dev) at TESTING/CMakeLists.txt:13 (get_target_property):
  Policy CMP0026 is not set: Disallow use of the LOCATION target property.
  Run "cmake --help-policy CMP0026" for policy details.  Use the cmake_policy
  command to set the policy and suppress this warning.

  The LOCATION property should not be read from target "xeigtstd".  Use the
  target name directly with add_custom_command, or use the generator
  expression $<TARGET_FILE>, as appropriate.

Call Stack (most recent call first):
  TESTING/CMakeLists.txt:124 (add_lapack_test)
This warning is for project developers.  Use -Wno-dev to suppress it.
[0m
[33mCMake Warning (dev) at TESTING/CMakeLists.txt:13 (get_target_property):
  Policy CMP0026 is not set: Disallow use of the LOCATION target property.
  Run "cmake --help-policy CMP0026" for policy details.  Use the cmake_policy
  command to set the policy and suppress this warning.

  The LOCATION property should not be read from target "xeigtstd".  Use the
  target name directly with add_custom_command, or use the generator
  expression $<TARGET_FILE>, as appropriate.

Call Stack (most recent call first):
  TESTING/CMakeLists.txt:127 (add_lapack_test)
This warning is for project developers.  Use -Wno-dev to suppress it.
[0m
[33mCMake Warning (dev) at TESTING/CMakeLists.txt:13 (get_target_property):
  Policy CMP0026 is not set: Disallow use of the LOCATION target property.
  Run "cmake --help-policy CMP0026" for policy details.  Use the cmake_policy
  command to set the policy and suppress this warning.

  The LOCATION property should not be read from target "xeigtstd".  Use the
  target name directly with add_custom_command, or use the generator
  expression $<TARGET_FILE>, as appropriate.

Call Stack (most recent call first):
  TESTING/CMakeLists.txt:130 (add_lapack_test)
This warning is for project developers.  Use -Wno-dev to suppress it.
[0m
[33mCMake Warning (dev) at TESTING/CMakeLists.txt:13 (get_target_property):
  Policy CMP0026 is not set: Disallow use of the LOCATION target property.
  Run "cmake --help-policy CMP0026" for policy details.  Use the cmake_policy
  command to set the policy and suppress this warning.

  The LOCATION property should not be read from target "xeigtstd".  Use the
  target name directly with add_custom_command, or use the generator
  expression $<TARGET_FILE>, as appropriate.

Call Stack (most recent call first):
  TESTING/CMakeLists.txt:133 (add_lapack_test)
This warning is for project developers.  Use -Wno-dev to suppress it.
[0m
[33mCMake Warning (dev) at TESTING/CMakeLists.txt:13 (get_target_property):
  Policy CMP0026 is not set: Disallow use of the LOCATION target property.
  Run "cmake --help-policy CMP0026" for policy details.  Use the cmake_policy
  command to set the policy and suppress this warning.

  The LOCATION property should not be read from target "xeigtstd".  Use the
  target name directly with add_custom_command, or use the generator
  expression $<TARGET_FILE>, as appropriate.

Call Stack (most recent call first):
  TESTING/CMakeLists.txt:136 (add_lapack_test)
This warning is for project developers.  Use -Wno-dev to suppress it.
[0m
[33mCMake Warning (dev) at TESTING/CMakeLists.txt:13 (get_target_property):
  Policy CMP0026 is not set: Disallow use of the LOCATION target property.
  Run "cmake --help-policy CMP0026" for policy details.  Use the cmake_policy
  command to set the policy and suppress this warning.

  The LOCATION property should not be read from target "xeigtstd".  Use the
  target name directly with add_custom_command, or use the generator
  expression $<TARGET_FILE>, as appropriate.

Call Stack (most recent call first):
  TESTING/CMakeLists.txt:139 (add_lapack_test)
This warning is for project developers.  Use -Wno-dev to suppress it.
[0m
[33mCMake Warning (dev) at TESTING/CMakeLists.txt:13 (get_target_property):
  Policy CMP0026 is not set: Disallow use of the LOCATION target property.
  Run "cmake --help-policy CMP0026" for policy details.  Use the cmake_policy
  command to set the policy and suppress this warning.

  The LOCATION property should not be read from target "xeigtstd".  Use the
  target name directly with add_custom_command, or use the generator
  expression $<TARGET_FILE>, as appropriate.

Call Stack (most recent call first):
  TESTING/CMakeLists.txt:142 (add_lapack_test)
This warning is for project developers.  Use -Wno-dev to suppress it.
[0m
[33mCMake Warning (dev) at TESTING/CMakeLists.txt:13 (get_target_property):
  Policy CMP0026 is not set: Disallow use of the LOCATION target property.
  Run "cmake --help-policy CMP0026" for policy details.  Use the cmake_policy
  command to set the policy and suppress this warning.

  The LOCATION property should not be read from target "xeigtstd".  Use the
  target name directly with add_custom_command, or use the generator
  expression $<TARGET_FILE>, as appropriate.

Call Stack (most recent call first):
  TESTING/CMakeLists.txt:145 (add_lapack_test)
This warning is for project developers.  Use -Wno-dev to suppress it.
[0m
[33mCMake Warning (dev) at TESTING/CMakeLists.txt:13 (get_target_property):
  Policy CMP0026 is not set: Disallow use of the LOCATION target property.
  Run "cmake --help-policy CMP0026" for policy details.  Use the cmake_policy
  command to set the policy and suppress this warning.

  The LOCATION property should not be read from target "xeigtstd".  Use the
  target name directly with add_custom_command, or use the generator
  expression $<TARGET_FILE>, as appropriate.

Call Stack (most recent call first):
  TESTING/CMakeLists.txt:148 (add_lapack_test)
This warning is for project developers.  Use -Wno-dev to suppress it.
[0m
[33mCMake Warning (dev) at TESTING/CMakeLists.txt:13 (get_target_property):
  Policy CMP0026 is not set: Disallow use of the LOCATION target property.
  Run "cmake --help-policy CMP0026" for policy details.  Use the cmake_policy
  command to set the policy and suppress this warning.

  The LOCATION property should not be read from target "xeigtstd".  Use the
  target name directly with add_custom_command, or use the generator
  expression $<TARGET_FILE>, as appropriate.

Call Stack (most recent call first):
  TESTING/CMakeLists.txt:151 (add_lapack_test)
This warning is for project developers.  Use -Wno-dev to suppress it.
[0m
[33mCMake Warning (dev) at TESTING/CMakeLists.txt:13 (get_target_property):
  Policy CMP0026 is not set: Disallow use of the LOCATION target property.
  Run "cmake --help-policy CMP0026" for policy details.  Use the cmake_policy
  command to set the policy and suppress this warning.

  The LOCATION property should not be read from target "xeigtstd".  Use the
  target name directly with add_custom_command, or use the generator
  expression $<TARGET_FILE>, as appropriate.

Call Stack (most recent call first):
  TESTING/CMakeLists.txt:154 (add_lapack_test)
This warning is for project developers.  Use -Wno-dev to suppress it.
[0m
[33mCMake Warning (dev) at TESTING/CMakeLists.txt:13 (get_target_property):
  Policy CMP0026 is not set: Disallow use of the LOCATION target property.
  Run "cmake --help-policy CMP0026" for policy details.  Use the cmake_policy
  command to set the policy and suppress this warning.

  The LOCATION property should not be read from target "xeigtstd".  Use the
  target name directly with add_custom_command, or use the generator
  expression $<TARGET_FILE>, as appropriate.

Call Stack (most recent call first):
  TESTING/CMakeLists.txt:157 (add_lapack_test)
This warning is for project developers.  Use -Wno-dev to suppress it.
[0m
[01m[K/home/autocam/dvrk2.1_ws/src/cisst-saw/cisstNetlib/hanson-haskell/fortran/drotmg.f:101:15:[m[K

       GO TO IGO,(120,150,180,210)
               [01;35m[K1[m[K
[01;35m[KWarning:[m[K Deleted feature: Assigned GOTO statement at (1)
[01m[K/home/autocam/dvrk2.1_ws/src/cisst-saw/cisstNetlib/hanson-haskell/fortran/drotmg.f:107:72:[m[K

                ASSIGN 120 TO IGO
                                                                        [01;35m[K1[m[K
[01;35m[KWarning:[m[K Deleted feature: ASSIGN statement at (1)
[01m[K/home/autocam/dvrk2.1_ws/src/cisst-saw/cisstNetlib/hanson-haskell/fortran/drotmg.f:119:72:[m[K

                ASSIGN 150 TO IGO
                                                                        [01;35m[K1[m[K
[01;35m[KWarning:[m[K Deleted feature: ASSIGN statement at (1)
[01m[K/home/autocam/dvrk2.1_ws/src/cisst-saw/cisstNetlib/hanson-haskell/fortran/drotmg.f:132:72:[m[K

                ASSIGN 180 TO IGO
                                                                        [01;35m[K1[m[K
[01;35m[KWarning:[m[K Deleted feature: ASSIGN statement at (1)
[01m[K/home/autocam/dvrk2.1_ws/src/cisst-saw/cisstNetlib/hanson-haskell/fortran/drotmg.f:143:72:[m[K

                ASSIGN 210 TO IGO
                                                                        [01;35m[K1[m[K
[01;35m[KWarning:[m[K Deleted feature: ASSIGN statement at (1)
[01m[K/home/autocam/dvrk2.1_ws/src/cisst-saw/cisstNetlib/hanson-haskell/fortran/lpdp.f:123:9:[m[K

       IS(2) = 0
         [01;35m[K1[m[K
[01;35m[KWarning:[m[K Array reference at (1) is out of bounds (2 > 1) in dimension 1
[01m[K/home/autocam/dvrk2.1_ws/src/cisst-saw/cisstNetlib/hanson-haskell/fortran/lpdp.f:167:9:[m[K

       IS(2) = 0
         [01;35m[K1[m[K
[01;35m[KWarning:[m[K Array reference at (1) is out of bounds (2 > 1) in dimension 1
[01m[K/home/autocam/dvrk2.1_ws/src/cisst-saw/cisstNetlib/hanson-haskell/fortran/lsei.f:390:21:[m[K

       CALL XERRWV(67HLSEI( ), INSUFFICIENT STORAGE ALLOCATED FOR WS(*),
                     [01;35m[K1[m[K
[01;35m[KWarning:[m[K Legacy Extension: Hollerith constant at (1)
[01m[K/home/autocam/dvrk2.1_ws/src/cisst-saw/cisstNetlib/hanson-haskell/fortran/lsei.f:401:21:[m[K

       CALL XERRWV(68HLSEI( ), INSUFFICIENT STORAGE ALLOCATED FOR IP(*),
                     [01;35m[K1[m[K
[01;35m[KWarning:[m[K Legacy Extension: Hollerith constant at (1)
[01m[K/home/autocam/dvrk2.1_ws/src/cisst-saw/cisstNetlib/hanson-haskell/fortran/lsei.f:423:21:[m[K

       CALL XERROR(36HLSEI( ), MDW.LT.ME+MA+MG IS AN ERROR, 36, NERR,
                     [01;35m[K1[m[K
[01;35m[KWarning:[m[K Legacy Extension: Hollerith constant at (1)
[01m[K/home/autocam/dvrk2.1_ws/src/cisst-saw/cisstNetlib/hanson-haskell/fortran/lsei.f:433:72:[m[K

       ASSIGN 90 TO IGO990
                                                                        [01;35m[K1[m[K
[01;35m[KWarning:[m[K Deleted feature: ASSIGN statement at (1)
[01m[K/home/autocam/dvrk2.1_ws/src/cisst-saw/cisstNetlib/hanson-haskell/fortran/lsei.f:439:10:[m[K

      * 54HLSEI( ), MDW.LT.N, WHEN COV MATRIX NEEDED, IS AN ERROR, 54,
          [01;35m[K1[m[K
[01;35m[KWarning:[m[K Legacy Extension: Hollerith constant at (1)
[01m[K/home/autocam/dvrk2.1_ws/src/cisst-saw/cisstNetlib/hanson-haskell/fortran/slatec.f:92:50:[m[K

      2     /1H0,1H1,1H2,1H3,1H4,1H5,1H6,1H7,1H8,1H9/
                                                  [01;35m[K1[m[K
[01;35m[KWarning:[m[K Legacy Extension: Hollerith constant at (1)
[01m[K/home/autocam/dvrk2.1_ws/src/cisst-saw/cisstNetlib/hanson-haskell/fortran/slatec.f:92:14:[m[K

      2     /1H0,1H1,1H2,1H3,1H4,1H5,1H6,1H7,1H8,1H9/
              [01;35m[K1[m[K
[01;35m[KWarning:[m[K Extension: Conversion from HOLLERITH to INTEGER(4) at (1)
[01m[K/home/autocam/dvrk2.1_ws/src/cisst-saw/cisstNetlib/hanson-haskell/fortran/slatec.f:92:18:[m[K

      2     /1H0,1H1,1H2,1H3,1H4,1H5,1H6,1H7,1H8,1H9/
                  [01;35m[K1[m[K
[01;35m[KWarning:[m[K Extension: Conversion from HOLLERITH to INTEGER(4) at (1)
[01m[K/home/autocam/dvrk2.1_ws/src/cisst-saw/cisstNetlib/hanson-haskell/fortran/slatec.f:92:22:[m[K

      2     /1H0,1H1,1H2,1H3,1H4,1H5,1H6,1H7,1H8,1H9/
                      [01;35m[K1[m[K
[01;35m[KWarning:[m[K Extension: Conversion from HOLLERITH to INTEGER(4) at (1)
[01m[K/home/autocam/dvrk2.1_ws/src/cisst-saw/cisstNetlib/hanson-haskell/fortran/slatec.f:92:26:[m[K

      2     /1H0,1H1,1H2,1H3,1H4,1H5,1H6,1H7,1H8,1H9/
                          [01;35m[K1[m[K
[01;35m[KWarning:[m[K Extension: Conversion from HOLLERITH to INTEGER(4) at (1)
[01m[K/home/autocam/dvrk2.1_ws/src/cisst-saw/cisstNetlib/hanson-haskell/fortran/slatec.f:92:30:[m[K

      2     /1H0,1H1,1H2,1H3,1H4,1H5,1H6,1H7,1H8,1H9/
                              [01;35m[K1[m[K
[01;35m[KWarning:[m[K Extension: Conversion from HOLLERITH to INTEGER(4) at (1)
[01m[K/home/autocam/dvrk2.1_ws/src/cisst-saw/cisstNetlib/hanson-haskell/fortran/slatec.f:92:34:[m[K

      2     /1H0,1H1,1H2,1H3,1H4,1H5,1H6,1H7,1H8,1H9/
                                  [01;35m[K1[m[K
[01;35m[KWarning:[m[K Extension: Conversion from HOLLERITH to INTEGER(4) at (1)
[01m[K/home/autocam/dvrk2.1_ws/src/cisst-saw/cisstNetlib/hanson-haskell/fortran/slatec.f:92:38:[m[K

      2     /1H0,1H1,1H2,1H3,1H4,1H5,1H6,1H7,1H8,1H9/
                                      [01;35m[K1[m[K
[01;35m[KWarning:[m[K Extension: Conversion from HOLLERITH to INTEGER(4) at (1)
[01m[K/home/autocam/dvrk2.1_ws/src/cisst-saw/cisstNetlib/hanson-haskell/fortran/slatec.f:92:42:[m[K

      2     /1H0,1H1,1H2,1H3,1H4,1H5,1H6,1H7,1H8,1H9/
                                          [01;35m[K1[m[K
[01;35m[KWarning:[m[K Extension: Conversion from HOLLERITH to INTEGER(4) at (1)
[01m[K/home/autocam/dvrk2.1_ws/src/cisst-saw/cisstNetlib/hanson-haskell/fortran/slatec.f:92:46:[m[K

      2     /1H0,1H1,1H2,1H3,1H4,1H5,1H6,1H7,1H8,1H9/
                                              [01;35m[K1[m[K
[01;35m[KWarning:[m[K Extension: Conversion from HOLLERITH to INTEGER(4) at (1)
[01m[K/home/autocam/dvrk2.1_ws/src/cisst-saw/cisstNetlib/hanson-haskell/fortran/slatec.f:92:50:[m[K

      2     /1H0,1H1,1H2,1H3,1H4,1H5,1H6,1H7,1H8,1H9/
                                                  [01;35m[K1[m[K
[01;35m[KWarning:[m[K Extension: Conversion from HOLLERITH to INTEGER(4) at (1)
[01m[K/home/autocam/dvrk2.1_ws/src/cisst-saw/cisstNetlib/hanson-haskell/fortran/lsi.f:92:72:[m[K

       ASSIGN 40 TO IGO994
                                                                        [01;35m[K1[m[K
[01;35m[KWarning:[m[K Deleted feature: ASSIGN statement at (1)
[01m[K/home/autocam/dvrk2.1_ws/src/cisst-saw/cisstNetlib/hanson-haskell/fortran/wnlit.f:66:72:[m[K

       ASSIGN 20 TO IGO996
                                                                        [01;35m[K1[m[K
[01;35m[KWarning:[m[K Deleted feature: ASSIGN statement at (1)
[01m[K/home/autocam/dvrk2.1_ws/src/cisst-saw/cisstNetlib/hanson-haskell/fortran/wnlit.f:70:72:[m[K

    20 ASSIGN 30 TO IGO993
                                                                        [01;35m[K1[m[K
[01;35m[KWarning:[m[K Deleted feature: ASSIGN statement at (1)
[01m[K/home/autocam/dvrk2.1_ws/src/cisst-saw/cisstNetlib/hanson-haskell/fortran/lsi.f:119:72:[m[K

       ASSIGN 60 TO IGO990
                                                                        [01;35m[K1[m[K
[01;35m[KWarning:[m[K Deleted feature: ASSIGN statement at (1)
[01m[K/home/autocam/dvrk2.1_ws/src/cisst-saw/cisstNetlib/hanson-haskell/fortran/wnlit.f:77:72:[m[K

       ASSIGN 40 TO IGO990
                                                                        [01;35m[K1[m[K
[01;35m[KWarning:[m[K Deleted feature: ASSIGN statement at (1)
[01m[K/home/autocam/dvrk2.1_ws/src/cisst-saw/cisstNetlib/hanson-haskell/fortran/wnlit.f:127:72:[m[K

       ASSIGN 120 TO IGO993
                                                                        [01;35m[K1[m[K
[01;35m[KWarning:[m[K Deleted feature: ASSIGN statement at (1)
[01m[K/home/autocam/dvrk2.1_ws/src/cisst-saw/cisstNetlib/hanson-haskell/fortran/lsei.f:646:21:[m[K

       CALL XERROR(38HLSEI( ) THE OPTION VECTOR IS UNDEFINED, 38, NERR,
                     [01;35m[K1[m[K
[01;35m[KWarning:[m[K Legacy Extension: Hollerith constant at (1)
[01m[K/home/autocam/dvrk2.1_ws/src/cisst-saw/cisstNetlib/hanson-haskell/fortran/lsei.f:656:10:[m[K

      * 52HLSEI( ). THE LINKS IN THE OPTION VECTOR ARE CYCLING., 52,
          [01;35m[K1[m[K
[01;35m[KWarning:[m[K Legacy Extension: Hollerith constant at (1)
[01m[K/home/autocam/dvrk2.1_ws/src/cisst-saw/cisstNetlib/hanson-haskell/fortran/wnlit.f:166:72:[m[K

       ASSIGN 190 TO IGO996
                                                                        [01;35m[K1[m[K
[01;35m[KWarning:[m[K Deleted feature: ASSIGN statement at (1)
[01m[K/home/autocam/dvrk2.1_ws/src/cisst-saw/cisstNetlib/hanson-haskell/fortran/wnlit.f:170:72:[m[K

   190 ASSIGN 200 TO IGO993
                                                                        [01;35m[K1[m[K
[01;35m[KWarning:[m[K Deleted feature: ASSIGN statement at (1)
[01m[K/home/autocam/dvrk2.1_ws/src/cisst-saw/cisstNetlib/hanson-haskell/fortran/lsei.f:675:21:[m[K

       CALL XERROR(38HLSEI( ) THE OPTION VECTOR IS UNDEFINED, 38, NERR,
                     [01;35m[K1[m[K
[01;35m[KWarning:[m[K Legacy Extension: Hollerith constant at (1)
[01m[K/home/autocam/dvrk2.1_ws/src/cisst-saw/cisstNetlib/hanson-haskell/fortran/wnlit.f:188:72:[m[K

       ASSIGN 240 TO IGO990
                                                                        [01;35m[K1[m[K
[01;35m[KWarning:[m[K Deleted feature: ASSIGN statement at (1)
[01m[K/home/autocam/dvrk2.1_ws/src/cisst-saw/cisstNetlib/hanson-haskell/fortran/lsei.f:687:18:[m[K

   560 GO TO IGO990, (90)
                  [01;35m[K1[m[K
[01;35m[KWarning:[m[K Deleted feature: Assigned GOTO statement at (1)
[01m[K/home/autocam/dvrk2.1_ws/src/cisst-saw/cisstNetlib/hanson-haskell/fortran/wnlit.f:240:72:[m[K

       ASSIGN 320 TO IGO996
                                                                        [01;35m[K1[m[K
[01;35m[KWarning:[m[K Deleted feature: ASSIGN statement at (1)
[01m[K/home/autocam/dvrk2.1_ws/src/cisst-saw/cisstNetlib/hanson-haskell/fortran/wnlit.f:244:72:[m[K

   320 ASSIGN 330 TO IGO993
                                                                        [01;35m[K1[m[K
[01;35m[KWarning:[m[K Deleted feature: ASSIGN statement at (1)
[01m[K/home/autocam/dvrk2.1_ws/src/cisst-saw/cisstNetlib/hanson-haskell/fortran/lsi.f:336:18:[m[K

   530 GO TO IGO994, (40)
                  [01;35m[K1[m[K
[01;35m[KWarning:[m[K Deleted feature: Assigned GOTO statement at (1)
[01m[K/home/autocam/dvrk2.1_ws/src/cisst-saw/cisstNetlib/hanson-haskell/fortran/lsi.f:337:18:[m[K

   540 GO TO IGO990, (60)
                  [01;35m[K1[m[K
[01;35m[KWarning:[m[K Deleted feature: Assigned GOTO statement at (1)
[01m[K/home/autocam/dvrk2.1_ws/src/cisst-saw/cisstNetlib/hanson-haskell/fortran/lsi.f:125:9:[m[K

       IP(2) = N + MAX0(M,N) + (MG+2)*(N+7)
         [01;35m[K1[m[K
[01;35m[KWarning:[m[K Array reference at (1) is out of bounds (2 > 1) in dimension 1
[01m[K/home/autocam/dvrk2.1_ws/src/cisst-saw/cisstNetlib/hanson-haskell/fortran/wnlit.f:404:18:[m[K

   580 GO TO IGO993, (30, 200, 330, 120)
                  [01;35m[K1[m[K
[01;35m[KWarning:[m[K Deleted feature: Assigned GOTO statement at (1)
[01m[K/home/autocam/dvrk2.1_ws/src/cisst-saw/cisstNetlib/hanson-haskell/fortran/wnlit.f:405:18:[m[K

   590 GO TO IGO990, (40, 240)
                  [01;35m[K1[m[K
[01;35m[KWarning:[m[K Deleted feature: Assigned GOTO statement at (1)
[01m[K/home/autocam/dvrk2.1_ws/src/cisst-saw/cisstNetlib/hanson-haskell/fortran/wnlit.f:406:18:[m[K

   600 GO TO IGO996, (20, 190, 320)
                  [01;35m[K1[m[K
[01;35m[KWarning:[m[K Deleted feature: Assigned GOTO statement at (1)
[01m[K/home/autocam/dvrk2.1_ws/src/cisst-saw/cisstNetlib/hanson-haskell/fortran/wnlsm.f:77:72:[m[K

       ASSIGN 10 TO IGO998
                                                                        [01;35m[K1[m[K
[01;35m[KWarning:[m[K Deleted feature: ASSIGN statement at (1)
[01m[K/home/autocam/dvrk2.1_ws/src/cisst-saw/cisstNetlib/hanson-haskell/fortran/wnlsm.f:83:72:[m[K

    10 ASSIGN 20 TO IGO995
                                                                        [01;35m[K1[m[K
[01;35m[KWarning:[m[K Deleted feature: ASSIGN statement at (1)
[01m[K/home/autocam/dvrk2.1_ws/src/cisst-saw/cisstNetlib/hanson-haskell/fortran/wnlsm.f:102:72:[m[K

       ASSIGN 30 TO IGO991
                                                                        [01;35m[K1[m[K
[01;35m[KWarning:[m[K Deleted feature: ASSIGN statement at (1)
[01m[K/home/autocam/dvrk2.1_ws/src/cisst-saw/cisstNetlib/hanson-haskell/fortran/wnlsm.f:108:72:[m[K

       ASSIGN 40 TO IGO986
                                                                        [01;35m[K1[m[K
[01;35m[KWarning:[m[K Deleted feature: ASSIGN statement at (1)
[01m[K/home/autocam/dvrk2.1_ws/src/cisst-saw/cisstNetlib/hanson-haskell/fortran/wnlsm.f:114:72:[m[K

    50 ASSIGN 60 TO IGO983
                                                                        [01;35m[K1[m[K
[01;35m[KWarning:[m[K Deleted feature: ASSIGN statement at (1)
[01m[K/home/autocam/dvrk2.1_ws/src/cisst-saw/cisstNetlib/hanson-haskell/fortran/wnlsm.f:122:72:[m[K

    80 ASSIGN 90 TO IGO980
                                                                        [01;35m[K1[m[K
[01;35m[KWarning:[m[K Deleted feature: ASSIGN statement at (1)
[01m[K/home/autocam/dvrk2.1_ws/src/cisst-saw/cisstNetlib/hanson-haskell/fortran/wnlsm.f:155:21:[m[K

       CALL XERROR(39HWNNLS( ) THE OPTION VECTOR IS UNDEFINED, 39, NERR,
                     [01;35m[K1[m[K
[01;35m[KWarning:[m[K Legacy Extension: Hollerith constant at (1)
[01m[K/home/autocam/dvrk2.1_ws/src/cisst-saw/cisstNetlib/hanson-haskell/fortran/wnlsm.f:165:10:[m[K

      * 53HWNNLS( ). THE LINKS IN THE OPTION VECTOR ARE CYCLING., 53,
          [01;35m[K1[m[K
[01;35m[KWarning:[m[K Legacy Extension: Hollerith constant at (1)
[01m[K/home/autocam/dvrk2.1_ws/src/cisst-saw/cisstNetlib/hanson-haskell/fortran/wnlsm.f:183:21:[m[K

       CALL XERROR(39HWNNLS( ) THE OPTION VECTOR IS UNDEFINED, 39, NERR,
                     [01;35m[K1[m[K
[01;35m[KWarning:[m[K Legacy Extension: Hollerith constant at (1)
[01m[K/home/autocam/dvrk2.1_ws/src/cisst-saw/cisstNetlib/hanson-haskell/fortran/wnlsm.f:209:72:[m[K

       ASSIGN 220 TO IGO977
                                                                        [01;35m[K1[m[K
[01;35m[KWarning:[m[K Deleted feature: ASSIGN statement at (1)
[01m[K/home/autocam/dvrk2.1_ws/src/cisst-saw/cisstNetlib/hanson-haskell/fortran/wnlsm.f:302:72:[m[K

       ASSIGN 310 TO IGO958
                                                                        [01;35m[K1[m[K
[01;35m[KWarning:[m[K Deleted feature: ASSIGN statement at (1)
[01m[K/home/autocam/dvrk2.1_ws/src/cisst-saw/cisstNetlib/hanson-haskell/fortran/wnlsm.f:375:72:[m[K

       ASSIGN 460 TO IGO938
                                                                        [01;35m[K1[m[K
[01;35m[KWarning:[m[K Deleted feature: ASSIGN statement at (1)
[01m[K/home/autocam/dvrk2.1_ws/src/cisst-saw/cisstNetlib/hanson-haskell/fortran/wnlsm.f:381:72:[m[K

       ASSIGN 480 TO IGO938
                                                                        [01;35m[K1[m[K
[01;35m[KWarning:[m[K Deleted feature: ASSIGN statement at (1)
[01m[K/home/autocam/dvrk2.1_ws/src/cisst-saw/cisstNetlib/hanson-haskell/fortran/wnlsm.f:395:72:[m[K

       ASSIGN 500 TO IGO938
                                                                        [01;35m[K1[m[K
[01;35m[KWarning:[m[K Deleted feature: ASSIGN statement at (1)
[01m[K/home/autocam/dvrk2.1_ws/src/cisst-saw/cisstNetlib/hanson-haskell/fortran/wnlsm.f:403:72:[m[K

       ASSIGN 520 TO IGO938
                                                                        [01;35m[K1[m[K
[01;35m[KWarning:[m[K Deleted feature: ASSIGN statement at (1)
[01m[K/home/autocam/dvrk2.1_ws/src/cisst-saw/cisstNetlib/hanson-haskell/fortran/wnnls.f:277:21:[m[K

       CALL XERRWV(70HWNNLS( ), INSUFFICIENT STORAGE ALLOCATED FOR WORK(*
                     [01;35m[K1[m[K
[01;35m[KWarning:[m[K Legacy Extension: Hollerith constant at (1)
[01m[K/home/autocam/dvrk2.1_ws/src/cisst-saw/cisstNetlib/hanson-haskell/fortran/wnnls.f:287:21:[m[K

       CALL XERRWV(72HWNNLS( ), INSUFFICIENT STORAGE ALLOCATED FOR IWORK(
                     [01;35m[K1[m[K
[01;35m[KWarning:[m[K Legacy Extension: Hollerith constant at (1)
[01m[K/home/autocam/dvrk2.1_ws/src/cisst-saw/cisstNetlib/hanson-haskell/fortran/wnnls.f:295:21:[m[K

       CALL XERROR(44HWNNLS( ), THE VALUE MDW.LT.ME+MA IS AN ERROR, 44,
                     [01;35m[K1[m[K
[01;35m[KWarning:[m[K Legacy Extension: Hollerith constant at (1)
[01m[K/home/autocam/dvrk2.1_ws/src/cisst-saw/cisstNetlib/hanson-haskell/fortran/wnnls.f:302:21:[m[K

       CALL XERROR(39HWNNLS( ), L.LE.0.AND.L.LE.N IS REQUIRED, 39, NERR,
                     [01;35m[K1[m[K
[01;35m[KWarning:[m[K Legacy Extension: Hollerith constant at (1)
[01m[K/home/autocam/dvrk2.1_ws/src/cisst-saw/cisstNetlib/hanson-haskell/fortran/wnnls.f:282:22:[m[K

    20 IF (.NOT.(IWORK(2).GT.0)) GO TO 40
                      [01;35m[K1[m[K
[01;35m[KWarning:[m[K Array reference at (1) is out of bounds (2 > 1) in dimension 1
[01m[K/home/autocam/dvrk2.1_ws/src/cisst-saw/cisstNetlib/hanson-haskell/fortran/wnnls.f:284:22:[m[K

       IF (.NOT.(IWORK(2).LT.LIW)) GO TO 30
                      [01;35m[K1[m[K
[01;35m[KWarning:[m[K Array reference at (1) is out of bounds (2 > 1) in dimension 1
[01m[K/home/autocam/dvrk2.1_ws/src/cisst-saw/cisstNetlib/hanson-haskell/fortran/wnlsm.f:547:72:[m[K

       ASSIGN 880 TO IGO897
                                                                        [01;35m[K1[m[K
[01;35m[KWarning:[m[K Deleted feature: ASSIGN statement at (1)
[01m[K/home/autocam/dvrk2.1_ws/src/cisst-saw/cisstNetlib/hanson-haskell/fortran/wnlsm.f:558:72:[m[K

       ASSIGN 900 TO IGO897
                                                                        [01;35m[K1[m[K
[01;35m[KWarning:[m[K Deleted feature: ASSIGN statement at (1)
[01m[K/home/autocam/dvrk2.1_ws/src/cisst-saw/cisstNetlib/hanson-haskell/fortran/wnlsm.f:597:72:[m[K

       ASSIGN 1010 TO IGO958
                                                                        [01;35m[K1[m[K
[01;35m[KWarning:[m[K Deleted feature: ASSIGN statement at (1)
[01m[K/home/autocam/dvrk2.1_ws/src/cisst-saw/cisstNetlib/hanson-haskell/fortran/wnlsm.f:665:18:[m[K

  1200 GO TO IGO986, (40)
                  [01;35m[K1[m[K
[01;35m[KWarning:[m[K Deleted feature: Assigned GOTO statement at (1)
[01m[K/home/autocam/dvrk2.1_ws/src/cisst-saw/cisstNetlib/hanson-haskell/fortran/wnlsm.f:666:18:[m[K

  1210 GO TO IGO980, (90)
                  [01;35m[K1[m[K
[01;35m[KWarning:[m[K Deleted feature: Assigned GOTO statement at (1)
[01m[K/home/autocam/dvrk2.1_ws/src/cisst-saw/cisstNetlib/hanson-haskell/fortran/wnlsm.f:667:18:[m[K

  1220 GO TO IGO991, (30)
                  [01;35m[K1[m[K
[01;35m[KWarning:[m[K Deleted feature: Assigned GOTO statement at (1)
[01m[K/home/autocam/dvrk2.1_ws/src/cisst-saw/cisstNetlib/hanson-haskell/fortran/wnlsm.f:668:18:[m[K

  1230 GO TO IGO998, (10)
                  [01;35m[K1[m[K
[01;35m[KWarning:[m[K Deleted feature: Assigned GOTO statement at (1)
[01m[K/home/autocam/dvrk2.1_ws/src/cisst-saw/cisstNetlib/hanson-haskell/fortran/wnlsm.f:669:18:[m[K

  1240 GO TO IGO995, (20)
                  [01;35m[K1[m[K
[01;35m[KWarning:[m[K Deleted feature: Assigned GOTO statement at (1)
[01m[K/home/autocam/dvrk2.1_ws/src/cisst-saw/cisstNetlib/hanson-haskell/fortran/wnlsm.f:670:18:[m[K

  1250 GO TO IGO983, (60)
                  [01;35m[K1[m[K
[01;35m[KWarning:[m[K Deleted feature: Assigned GOTO statement at (1)
[01m[K/home/autocam/dvrk2.1_ws/src/cisst-saw/cisstNetlib/hanson-haskell/fortran/wnlsm.f:671:18:[m[K

  1260 GO TO IGO977, (220)
                  [01;35m[K1[m[K
[01;35m[KWarning:[m[K Deleted feature: Assigned GOTO statement at (1)
[01m[K/home/autocam/dvrk2.1_ws/src/cisst-saw/cisstNetlib/hanson-haskell/fortran/wnlsm.f:672:18:[m[K

  1270 GO TO IGO958, (310, 1010)
                  [01;35m[K1[m[K
[01;35m[KWarning:[m[K Deleted feature: Assigned GOTO statement at (1)
[01m[K/home/autocam/dvrk2.1_ws/src/cisst-saw/cisstNetlib/hanson-haskell/fortran/wnlsm.f:673:18:[m[K

  1280 GO TO IGO897, (880, 900)
                  [01;35m[K1[m[K
[01;35m[KWarning:[m[K Deleted feature: Assigned GOTO statement at (1)
[01m[K/home/autocam/dvrk2.1_ws/src/cisst-saw/cisstNetlib/hanson-haskell/fortran/wnlsm.f:674:18:[m[K

  1290 GO TO IGO938, (460, 480, 500, 520)
                  [01;35m[K1[m[K
[01;35m[KWarning:[m[K Deleted feature: Assigned GOTO statement at (1)
[01m[K/home/autocam/dvrk2.1_ws/src/cisst-saw/cisstNetlib/hanson-haskell/fortran/xerdmp.f:14:20:[m[K

       CALL XERSAV(1H ,0,0,0,KOUNT)
                    [01;35m[K1[m[K
[01;35m[KWarning:[m[K Legacy Extension: Hollerith constant at (1)
[01m[K/home/autocam/dvrk2.1_ws/src/cisst-saw/cisstNetlib/hanson-haskell/fortran/xerror.f:41:38:[m[K

       IF (LKNTRL.GT.0) CALL XERPRT(17HFATAL ERROR IN...,17)
                                      [01;35m[K1[m[K
[01;35m[KWarning:[m[K Legacy Extension: Hollerith constant at (1)
[01m[K/home/autocam/dvrk2.1_ws/src/cisst-saw/cisstNetlib/hanson-haskell/fortran/xerror.f:42:22:[m[K

       CALL XERPRT (33HXERROR -- NMESSG MUST BE POSITIVE,33)
                      [01;35m[K1[m[K
[01;35m[KWarning:[m[K Legacy Extension: Hollerith constant at (1)
[01m[K/home/autocam/dvrk2.1_ws/src/cisst-saw/cisstNetlib/hanson-haskell/fortran/xerror.f:44:38:[m[K

       IF (LKNTRL.GT.0) CALL XERPRT(29HJOB ABORT DUE TO FATAL ERROR.,
                                      [01;35m[K1[m[K
[01;35m[KWarning:[m[K Legacy Extension: Hollerith constant at (1)
[01m[K/home/autocam/dvrk2.1_ws/src/cisst-saw/cisstNetlib/hanson-haskell/fortran/xerror.f:46:38:[m[K

       IF (LKNTRL.GT.0) CALL XERSAV (1H ,0,0,0,KDUMMY)
                                      [01;35m[K1[m[K
[01;35m[KWarning:[m[K Legacy Extension: Hollerith constant at (1)
[01m[K/home/autocam/dvrk2.1_ws/src/cisst-saw/cisstNetlib/hanson-haskell/fortran/xerror.f:47:22:[m[K

       CALL XERABT (23HXERROR -- INVALID INPUT,23)
                      [01;35m[K1[m[K
[01;35m[KWarning:[m[K Legacy Extension: Hollerith constant at (1)
[01m[K/home/autocam/dvrk2.1_ws/src/cisst-saw/cisstNetlib/hanson-haskell/fortran/xerror.f:51:38:[m[K

       IF (LKNTRL.GT.0) CALL XERPRT(17HFATAL ERROR IN...,17)
                                      [01;35m[K1[m[K
[01;35m[KWarning:[m[K Legacy Extension: Hollerith constant at (1)
[01m[K/home/autocam/dvrk2.1_ws/src/cisst-saw/cisstNetlib/hanson-haskell/fortran/xerror.f:52:22:[m[K

       CALL XERPRT (28HXERROR -- NERR=0 IS AN ERROR,28)
                      [01;35m[K1[m[K
[01;35m[KWarning:[m[K Legacy Extension: Hollerith constant at (1)
[01m[K/home/autocam/dvrk2.1_ws/src/cisst-saw/cisstNetlib/hanson-haskell/fortran/xerror.f:54:38:[m[K

       IF (LKNTRL.GT.0) CALL XERPRT(29HJOB ABORT DUE TO FATAL ERROR.,
                                      [01;35m[K1[m[K
[01;35m[KWarning:[m[K Legacy Extension: Hollerith constant at (1)
[01m[K/home/autocam/dvrk2.1_ws/src/cisst-saw/cisstNetlib/hanson-haskell/fortran/xerror.f:56:38:[m[K

       IF (LKNTRL.GT.0) CALL XERSAV (1H ,0,0,0,KDUMMY)
                                      [01;35m[K1[m[K
[01;35m[KWarning:[m[K Legacy Extension: Hollerith constant at (1)
[01m[K/home/autocam/dvrk2.1_ws/src/cisst-saw/cisstNetlib/hanson-haskell/fortran/xerror.f:57:22:[m[K

       CALL XERABT (23HXERROR -- INVALID INPUT,23)
                      [01;35m[K1[m[K
[01;35m[KWarning:[m[K Legacy Extension: Hollerith constant at (1)
[01m[K/home/autocam/dvrk2.1_ws/src/cisst-saw/cisstNetlib/hanson-haskell/fortran/xerror.f:61:38:[m[K

       IF (LKNTRL.GT.0) CALL XERPRT(17HFATAL ERROR IN...,17)
                                      [01;35m[K1[m[K
[01;35m[KWarning:[m[K Legacy Extension: Hollerith constant at (1)
[01m[K/home/autocam/dvrk2.1_ws/src/cisst-saw/cisstNetlib/hanson-haskell/fortran/xerror.f:62:22:[m[K

       CALL XERPRT (32HXERROR -- INVALID VALUE OF LEVEL,32)
                      [01;35m[K1[m[K
[01;35m[KWarning:[m[K Legacy Extension: Hollerith constant at (1)
[01m[K/home/autocam/dvrk2.1_ws/src/cisst-saw/cisstNetlib/hanson-haskell/fortran/xerror.f:64:38:[m[K

       IF (LKNTRL.GT.0) CALL XERPRT(29HJOB ABORT DUE TO FATAL ERROR.,
                                      [01;35m[K1[m[K
[01;35m[KWarning:[m[K Legacy Extension: Hollerith constant at (1)
[01m[K/home/autocam/dvrk2.1_ws/src/cisst-saw/cisstNetlib/hanson-haskell/fortran/xerror.f:66:38:[m[K

       IF (LKNTRL.GT.0) CALL XERSAV (1H ,0,0,0,KDUMMY)
                                      [01;35m[K1[m[K
[01;35m[KWarning:[m[K Legacy Extension: Hollerith constant at (1)
[01m[K/home/autocam/dvrk2.1_ws/src/cisst-saw/cisstNetlib/hanson-haskell/fortran/xerror.f:67:22:[m[K

       CALL XERABT (23HXERROR -- INVALID INPUT,23)
                      [01;35m[K1[m[K
[01;35m[KWarning:[m[K Legacy Extension: Hollerith constant at (1)
[01m[K/home/autocam/dvrk2.1_ws/src/cisst-saw/cisstNetlib/hanson-haskell/fortran/xerrwv.f:49:41:[m[K

          IF (LKNTRL.GT.0) CALL XERPRT(17HFATAL ERROR IN...,17)
                                         [01;35m[K1[m[K
[01;35m[KWarning:[m[K Legacy Extension: Hollerith constant at (1)
[01m[K/home/autocam/dvrk2.1_ws/src/cisst-saw/cisstNetlib/hanson-haskell/fortran/xerrwv.f:50:22:[m[K

       CALL XERPRT (33HXERRWV -- NMESSG MUST BE POSITIVE,33)
                      [01;35m[K1[m[K
[01;35m[KWarning:[m[K Legacy Extension: Hollerith constant at (1)
[01m[K/home/autocam/dvrk2.1_ws/src/cisst-saw/cisstNetlib/hanson-haskell/fortran/xerrwv.f:52:38:[m[K

       IF (LKNTRL.GT.0) CALL XERPRT(29HJOB ABORT DUE TO FATAL ERROR.,
                                      [01;35m[K1[m[K
[01;35m[KWarning:[m[K Legacy Extension: Hollerith constant at (1)
[01m[K/home/autocam/dvrk2.1_ws/src/cisst-saw/cisstNetlib/hanson-haskell/fortran/xerrwv.f:54:37:[m[K

       IF (LKNTRL.GT.0) CALL XERSAV(1H ,0,0,0,KDUMMY)
                                     [01;35m[K1[m[K
[01;35m[KWarning:[m[K Legacy Extension: Hollerith constant at (1)
[01m[K/home/autocam/dvrk2.1_ws/src/cisst-saw/cisstNetlib/hanson-haskell/fortran/xerrwv.f:55:22:[m[K

       CALL XERABT (23HXERRWV -- INVALID INPUT,23)
                      [01;35m[K1[m[K
[01;35m[KWarning:[m[K Legacy Extension: Hollerith constant at (1)
[01m[K/home/autocam/dvrk2.1_ws/src/cisst-saw/cisstNetlib/hanson-haskell/fortran/xerrwv.f:59:38:[m[K

       IF (LKNTRL.GT.0) CALL XERPRT(17HFATAL ERROR IN...,17)
                                      [01;35m[K1[m[K
[01;35m[KWarning:[m[K Legacy Extension: Hollerith constant at (1)
[01m[K/home/autocam/dvrk2.1_ws/src/cisst-saw/cisstNetlib/hanson-haskell/fortran/xerrwv.f:60:22:[m[K

       CALL XERPRT (28HXERRWV -- NERR=0 IS AN ERROR,28)
                      [01;35m[K1[m[K
[01;35m[KWarning:[m[K Legacy Extension: Hollerith constant at (1)
[01m[K/home/autocam/dvrk2.1_ws/src/cisst-saw/cisstNetlib/hanson-haskell/fortran/xerrwv.f:62:38:[m[K

       IF (LKNTRL.GT.0) CALL XERPRT(29HJOB ABORT DUE TO FATAL ERROR.,
                                      [01;35m[K1[m[K
[01;35m[KWarning:[m[K Legacy Extension: Hollerith constant at (1)
[01m[K/home/autocam/dvrk2.1_ws/src/cisst-saw/cisstNetlib/hanson-haskell/fortran/xerrwv.f:64:37:[m[K

       IF (LKNTRL.GT.0) CALL XERSAV(1H ,0,0,0,KDUMMY)
                                     [01;35m[K1[m[K
[01;35m[KWarning:[m[K Legacy Extension: Hollerith constant at (1)
[01m[K/home/autocam/dvrk2.1_ws/src/cisst-saw/cisstNetlib/hanson-haskell/fortran/xerrwv.f:65:22:[m[K

       CALL XERABT (23HXERRWV -- INVALID INPUT,23)
                      [01;35m[K1[m[K
[01;35m[KWarning:[m[K Legacy Extension: Hollerith constant at (1)
[01m[K/home/autocam/dvrk2.1_ws/src/cisst-saw/cisstNetlib/hanson-haskell/fortran/xerrwv.f:69:38:[m[K

       IF (LKNTRL.GT.0) CALL XERPRT(17HFATAL ERROR IN...,17)
                                      [01;35m[K1[m[K
[01;35m[KWarning:[m[K Legacy Extension: Hollerith constant at (1)
[01m[K/home/autocam/dvrk2.1_ws/src/cisst-saw/cisstNetlib/hanson-haskell/fortran/xerrwv.f:70:22:[m[K

       CALL XERPRT (32HXERRWV -- INVALID VALUE OF LEVEL,32)
                      [01;35m[K1[m[K
[01;35m[KWarning:[m[K Legacy Extension: Hollerith constant at (1)
[01m[K/home/autocam/dvrk2.1_ws/src/cisst-saw/cisstNetlib/hanson-haskell/fortran/xerrwv.f:72:41:[m[K

          IF (LKNTRL.GT.0) CALL XERPRT(29HJOB ABORT DUE TO FATAL ERROR.,
                                         [01;35m[K1[m[K
[01;35m[KWarning:[m[K Legacy Extension: Hollerith constant at (1)
[01m[K/home/autocam/dvrk2.1_ws/src/cisst-saw/cisstNetlib/hanson-haskell/fortran/xerrwv.f:74:40:[m[K

          IF (LKNTRL.GT.0) CALL XERSAV(1H ,0,0,0,KDUMMY)
                                        [01;35m[K1[m[K
[01;35m[KWarning:[m[K Legacy Extension: Hollerith constant at (1)
[01m[K/home/autocam/dvrk2.1_ws/src/cisst-saw/cisstNetlib/hanson-haskell/fortran/xerrwv.f:75:24:[m[K

          CALL XERABT(23HXERROR -- INVALID INPUT,23)
                        [01;35m[K1[m[K
[01;35m[KWarning:[m[K Legacy Extension: Hollerith constant at (1)
[01m[K/home/autocam/dvrk2.1_ws/src/cisst-saw/cisstNetlib/hanson-haskell/fortran/xerrwv.f:100:26:[m[K

             CALL XERPRT(1H ,1)
                          [01;35m[K1[m[K
[01;35m[KWarning:[m[K Legacy Extension: Hollerith constant at (1)
[01m[K/home/autocam/dvrk2.1_ws/src/cisst-saw/cisstNetlib/hanson-haskell/fortran/xerrwv.f:103:10:[m[K

      1(57HWARNING MESSAGE...THIS MESSAGE WILL ONLY BE PRINTED ONCE.,57)
          [01;35m[K1[m[K
[01;35m[KWarning:[m[K Legacy Extension: Hollerith constant at (1)
[01m[K/home/autocam/dvrk2.1_ws/src/cisst-saw/cisstNetlib/hanson-haskell/fortran/xerrwv.f:104:44:[m[K

             IF (LLEVEL.EQ.0) CALL XERPRT(13HWARNING IN...,13)
                                            [01;35m[K1[m[K
[01;35m[KWarning:[m[K Legacy Extension: Hollerith constant at (1)
[01m[K/home/autocam/dvrk2.1_ws/src/cisst-saw/cisstNetlib/hanson-haskell/fortran/xerrwv.f:106:16:[m[K

      1      (23HRECOVERABLE ERROR IN...,23)
                [01;35m[K1[m[K
[01;35m[KWarning:[m[K Legacy Extension: Hollerith constant at (1)
[01m[K/home/autocam/dvrk2.1_ws/src/cisst-saw/cisstNetlib/hanson-haskell/fortran/xerrwv.f:107:44:[m[K

             IF (LLEVEL.EQ.2) CALL XERPRT(17HFATAL ERROR IN...,17)
                                            [01;35m[K1[m[K
[01;35m[KWarning:[m[K Legacy Extension: Hollerith constant at (1)
[01m[K/home/autocam/dvrk2.1_ws/src/cisst-saw/cisstNetlib/hanson-haskell/fortran/xerrwv.f:140:13:[m[K

      1   (35HJOB ABORT DUE TO UNRECOVERED ERROR.,35)
             [01;35m[K1[m[K
[01;35m[KWarning:[m[K Legacy Extension: Hollerith constant at (1)
[01m[K/home/autocam/dvrk2.1_ws/src/cisst-saw/cisstNetlib/hanson-haskell/fortran/xerrwv.f:142:13:[m[K

      1   (29HJOB ABORT DUE TO FATAL ERROR.,29)
             [01;35m[K1[m[K
[01;35m[KWarning:[m[K Legacy Extension: Hollerith constant at (1)
[01m[K/home/autocam/dvrk2.1_ws/src/cisst-saw/cisstNetlib/hanson-haskell/fortran/xerrwv.f:144:23:[m[K

          CALL XERSAV(1H ,0,0,0,KDUMMY)
                       [01;35m[K1[m[K
[01;35m[KWarning:[m[K Legacy Extension: Hollerith constant at (1)
