Linked: (/home/autocam/dvrk2.1_ws/devel/.private/saw_robot_io_1394/lib/libAmp1394Console.a, /home/autocam/dvrk2.1_ws/devel/lib/libAmp1394Console.a)
Linked: (/home/autocam/dvrk2.1_ws/devel/.private/saw_robot_io_1394/lib/libsawRobotIO1394Qt.so.2.1.0, /home/autocam/dvrk2.1_ws/devel/lib/libsawRobotIO1394Qt.so.2.1.0)
Linked: (/home/autocam/dvrk2.1_ws/devel/.private/saw_robot_io_1394/lib/libsawRobotIO1394.so.2.1.0, /home/autocam/dvrk2.1_ws/devel/lib/libsawRobotIO1394.so.2.1.0)
Linked: (/home/autocam/dvrk2.1_ws/devel/.private/saw_robot_io_1394/lib/libAmp1394.a, /home/autocam/dvrk2.1_ws/devel/lib/libAmp1394.a)
Linked: (/home/autocam/dvrk2.1_ws/devel/.private/saw_robot_io_1394/lib/libsawRobotIO1394Qt.so, /home/autocam/dvrk2.1_ws/devel/lib/libsawRobotIO1394Qt.so)
Linked: (/home/autocam/dvrk2.1_ws/devel/.private/saw_robot_io_1394/lib/libsawRobotIO1394.so, /home/autocam/dvrk2.1_ws/devel/lib/libsawRobotIO1394.so)
Linked: (/home/autocam/dvrk2.1_ws/devel/.private/saw_robot_io_1394/share/sawRobotIO1394/cmake/sawRobotIO1394ConfigVersion.cmake, /home/autocam/dvrk2.1_ws/devel/share/sawRobotIO1394/cmake/sawRobotIO1394ConfigVersion.cmake)
Linked: (/home/autocam/dvrk2.1_ws/devel/.private/saw_robot_io_1394/share/sawRobotIO1394/cmake/sawRobotIO1394Config.cmake, /home/autocam/dvrk2.1_ws/devel/share/sawRobotIO1394/cmake/sawRobotIO1394Config.cmake)
Linked: (/home/autocam/dvrk2.1_ws/devel/.private/saw_robot_io_1394/bin/qlareloadfw.bash, /home/autocam/dvrk2.1_ws/devel/bin/qlareloadfw.bash)
Linked: (/home/autocam/dvrk2.1_ws/devel/.private/saw_robot_io_1394/bin/qlacloserelays, /home/autocam/dvrk2.1_ws/devel/bin/qlacloserelays)
Linked: (/home/autocam/dvrk2.1_ws/devel/.private/saw_robot_io_1394/bin/enctest, /home/autocam/dvrk2.1_ws/devel/bin/enctest)
Linked: (/home/autocam/dvrk2.1_ws/devel/.private/saw_robot_io_1394/bin/eth1394Test, /home/autocam/dvrk2.1_ws/devel/bin/eth1394Test)
Linked: (/home/autocam/dvrk2.1_ws/devel/.private/saw_robot_io_1394/bin/pgm1394, /home/autocam/dvrk2.1_ws/devel/bin/pgm1394)
Linked: (/home/autocam/dvrk2.1_ws/devel/.private/saw_robot_io_1394/bin/qladisp, /home/autocam/dvrk2.1_ws/devel/bin/qladisp)
Linked: (/home/autocam/dvrk2.1_ws/devel/.private/saw_robot_io_1394/bin/quad1394eth, /home/autocam/dvrk2.1_ws/devel/bin/quad1394eth)
Linked: (/home/autocam/dvrk2.1_ws/devel/.private/saw_robot_io_1394/bin/qlatest, /home/autocam/dvrk2.1_ws/devel/bin/qlatest)
Linked: (/home/autocam/dvrk2.1_ws/devel/.private/saw_robot_io_1394/bin/time1394, /home/autocam/dvrk2.1_ws/devel/bin/time1394)
Linked: (/home/autocam/dvrk2.1_ws/devel/.private/saw_robot_io_1394/bin/info1394, /home/autocam/dvrk2.1_ws/devel/bin/info1394)
Linked: (/home/autocam/dvrk2.1_ws/devel/.private/saw_robot_io_1394/bin/quad1394, /home/autocam/dvrk2.1_ws/devel/bin/quad1394)
Linked: (/home/autocam/dvrk2.1_ws/devel/.private/saw_robot_io_1394/bin/pgm1394multi.bash, /home/autocam/dvrk2.1_ws/devel/bin/pgm1394multi.bash)
Linked: (/home/autocam/dvrk2.1_ws/devel/.private/saw_robot_io_1394/bin/block1394, /home/autocam/dvrk2.1_ws/devel/bin/block1394)
Linked: (/home/autocam/dvrk2.1_ws/devel/.private/saw_robot_io_1394/bin/block1394eth, /home/autocam/dvrk2.1_ws/devel/bin/block1394eth)
Linked: (/home/autocam/dvrk2.1_ws/devel/.private/saw_robot_io_1394/bin/qlacommand, /home/autocam/dvrk2.1_ws/devel/bin/qlacommand)
Linked: (/home/autocam/dvrk2.1_ws/devel/.private/saw_robot_io_1394/bin/instrument, /home/autocam/dvrk2.1_ws/devel/bin/instrument)
Linked: (/home/autocam/dvrk2.1_ws/devel/.private/saw_robot_io_1394/bin/fwPortTest, /home/autocam/dvrk2.1_ws/devel/bin/fwPortTest)
