[01m[K/home/autocam/dvrk2.1_ws/src/cisst-saw/sawRobotIO1394/components/code/Amp1394/lib/code/EthBasePort.cpp:[m[K In static member function ‘[01m[Kstatic void EthBasePort::PrintEthernetPacket(std::ostream&, const quadlet_t*, unsigned int)[m[K’:
[01m[K/home/autocam/dvrk2.1_ws/src/cisst-saw/sawRobotIO1394/components/code/Amp1394/lib/code/EthBasePort.cpp:399:96:[m[K [01;35m[Kwarning: [m[Kunused parameter ‘[01m[Kmax_quads[m[K’ [[01;35m[K-Wunused-parameter[m[K]
 void EthBasePort::PrintEthernetPacket(std::ostream &out, const quadlet_t *packet, unsigned int [01;35m[Kmax_quads[m[K)
                                                                                                [01;35m[K^~~~~~~~~[m[K
[01m[K/home/autocam/dvrk2.1_ws/src/cisst-saw/sawRobotIO1394/components/code/Amp1394/lib/code/EthBasePort.cpp:[m[K In static member function ‘[01m[Kstatic bool EthBasePort::checkCRC(const unsigned char*)[m[K’:
[01m[K/home/autocam/dvrk2.1_ws/src/cisst-saw/sawRobotIO1394/components/code/Amp1394/lib/code/EthBasePort.cpp:804:49:[m[K [01;35m[Kwarning: [m[Kunused parameter ‘[01m[Kpacket[m[K’ [[01;35m[K-Wunused-parameter[m[K]
 bool EthBasePort::checkCRC(const unsigned char *[01;35m[Kpacket[m[K)
                                                 [01;35m[K^~~~~~[m[K
[01m[K/home/autocam/dvrk2.1_ws/src/cisst-saw/sawRobotIO1394/components/code/Amp1394/tests/qlatest.cpp:[m[K In function ‘[01m[Kbool TestEthernet(int, AmpIO&, BasePort*, std::ofstream&)[m[K’:
[01m[K/home/autocam/dvrk2.1_ws/src/cisst-saw/sawRobotIO1394/components/code/Amp1394/tests/qlatest.cpp:716:23:[m[K [01;35m[Kwarning: [m[Kunused parameter ‘[01m[KcurLine[m[K’ [[01;35m[K-Wunused-parameter[m[K]
 bool TestEthernet(int [01;35m[KcurLine[m[K, AmpIO &Board, BasePort *Port, std::ofstream &logFile)
                       [01;35m[K^~~~~~~[m[K
[01m[K/home/autocam/dvrk2.1_ws/src/cisst-saw/sawRobotIO1394/components/code/Amp1394/tests/qlatest.cpp:716:56:[m[K [01;35m[Kwarning: [m[Kunused parameter ‘[01m[KPort[m[K’ [[01;35m[K-Wunused-parameter[m[K]
 bool TestEthernet(int curLine, AmpIO &Board, BasePort *[01;35m[KPort[m[K, std::ofstream &logFile)
                                                        [01;35m[K^~~~[m[K
[01m[K/home/autocam/dvrk2.1_ws/src/cisst-saw/sawRobotIO1394/components/code/Amp1394/tests/mainEth1394.cpp:[m[K In function ‘[01m[Kint main(int, char**)[m[K’:
[01m[K/home/autocam/dvrk2.1_ws/src/cisst-saw/sawRobotIO1394/components/code/Amp1394/tests/mainEth1394.cpp:910:19:[m[K [01;35m[Kwarning: [m[Kunused variable ‘[01m[Kwrite_block[m[K’ [[01;35m[K-Wunused-variable[m[K]
         quadlet_t [01;35m[Kwrite_block[m[K[5] = { 0x11111111, 0x22222222, 0x33333333, 0x44444444, 0x55555555 };
                   [01;35m[K^~~~~~~~~~~[m[K
[01m[K/home/autocam/dvrk2.1_ws/src/cisst-saw/sawRobotIO1394/components/code/Amp1394/tests/qladisp.cpp:[m[K In function ‘[01m[Kint main(int, char**)[m[K’:
[01m[K/home/autocam/dvrk2.1_ws/src/cisst-saw/sawRobotIO1394/components/code/Amp1394/tests/qladisp.cpp:168:5:[m[K [01;35m[Kwarning: [m[K‘[01m[K%2d[m[K’ directive writing between 2 and 5 bytes into a region of size 3 [[01;35m[K-Wformat-overflow=[m[K]
 int [01;35m[Kmain[m[K(int argc, char** argv)
     [01;35m[K^~~~[m[K
[01m[K/home/autocam/dvrk2.1_ws/src/cisst-saw/sawRobotIO1394/components/code/Amp1394/tests/qladisp.cpp:168:5:[m[K [01;36m[Knote: [m[Kdirective argument in the range [0, 65535]
In file included from [01m[K/usr/include/stdio.h:862:0[m[K,
                 from [01m[K/usr/include/c++/7/cstdio:42[m[K,
                 from [01m[K/usr/include/c++/7/ext/string_conversions.h:43[m[K,
                 from [01m[K/usr/include/c++/7/bits/basic_string.h:6361[m[K,
                 from [01m[K/usr/include/c++/7/string:52[m[K,
                 from [01m[K/usr/include/c++/7/bits/locale_classes.h:40[m[K,
                 from [01m[K/usr/include/c++/7/bits/ios_base.h:41[m[K,
                 from [01m[K/usr/include/c++/7/ios:42[m[K,
                 from [01m[K/usr/include/c++/7/ostream:38[m[K,
                 from [01m[K/usr/include/c++/7/iostream:39[m[K,
                 from [01m[K/home/autocam/dvrk2.1_ws/src/cisst-saw/sawRobotIO1394/components/code/Amp1394/tests/qladisp.cpp:33[m[K:
[01m[K/usr/include/x86_64-linux-gnu/bits/stdio2.h:34:43:[m[K [01;36m[Knote: [m[K‘[01m[K__builtin___sprintf_chk[m[K’ output between 3 and 6 bytes into a destination of size 3
       __bos (__s), __fmt, __va_arg_pack ()[01;36m[K)[m[K;
                                           [01;36m[K^[m[K
