[35m[1mConsolidate compiler generated dependencies of target time1394[0m
[35m[1mConsolidate compiler generated dependencies of target block1394[0m
[35m[1mConsolidate compiler generated dependencies of target info1394[0m
[35m[1mConsolidate compiler generated dependencies of target Amp1394Console[0m
[35m[1mConsolidate compiler generated dependencies of target Amp1394[0m
[  1%] [32mBuilding C object code/Amp1394/util/CMakeFiles/info1394.dir/info1394.c.o[0m
[  5%] [32mBuilding C object code/Amp1394/util/CMakeFiles/time1394.dir/time1394.c.o[0m
[  5%] [32mBuilding C object code/Amp1394/util/CMakeFiles/block1394.dir/block1394.c.o[0m
[  7%] [32mBuilding CXX object code/Amp1394/lib/CMakeFiles/Amp1394Console.dir/code/Amp1394Console.cpp.o[0m
[ 11%] [32mBuilding CXX object code/Amp1394/lib/CMakeFiles/Amp1394.dir/code/BasePort.cpp.o[0m
[ 11%] [32mBuilding CXX object code/Amp1394/lib/CMakeFiles/Amp1394.dir/code/BoardIO.cpp.o[0m
[ 12%] [32mBuilding CXX object code/Amp1394/lib/CMakeFiles/Amp1394.dir/code/PortFactory.cpp.o[0m
[ 14%] [32mBuilding CXX object code/Amp1394/lib/CMakeFiles/Amp1394.dir/code/EthBasePort.cpp.o[0m
[ 16%] [32mBuilding CXX object code/Amp1394/lib/CMakeFiles/Amp1394.dir/code/AmpIO.cpp.o[0m
[ 18%] [32mBuilding CXX object code/Amp1394/lib/CMakeFiles/Amp1394.dir/code/EncoderVelocity.cpp.o[0m
[ 20%] [32mBuilding CXX object code/Amp1394/lib/CMakeFiles/Amp1394.dir/code/Spartan6IO.cpp.o[0m
[ 22%] [32mBuilding CXX object code/Amp1394/lib/CMakeFiles/Amp1394.dir/code/EthUdpPort.cpp.o[0m
[ 24%] [32mBuilding CXX object code/Amp1394/lib/CMakeFiles/Amp1394.dir/code/Amp1394Time.cpp.o[0m
[ 25%] [32m[1mLinking C executable /home/autocam/dvrk2.1_ws/devel/.private/saw_robot_io_1394/bin/info1394[0m
[ 27%] [32mBuilding CXX object code/Amp1394/lib/CMakeFiles/Amp1394.dir/code/FirewirePort.cpp.o[0m
[ 29%] [32m[1mLinking C executable /home/autocam/dvrk2.1_ws/devel/.private/saw_robot_io_1394/bin/time1394[0m
[ 31%] [32m[1mLinking C executable /home/autocam/dvrk2.1_ws/devel/.private/saw_robot_io_1394/bin/block1394[0m
[ 31%] Built target time1394
[ 31%] Built target info1394
[34m[1mGenerating quad1394[0m
[ 31%] Built target block1394
[ 33%] [32m[1mLinking CXX static library /home/autocam/dvrk2.1_ws/devel/.private/saw_robot_io_1394/lib/libAmp1394Console.a[0m
[01m[K/home/autocam/dvrk2.1_ws/src/cisst-saw/sawRobotIO1394/components/code/Amp1394/lib/code/EthBasePort.cpp:[m[K In static member function ‘[01m[Kstatic void EthBasePort::PrintEthernetPacket(std::ostream&, const quadlet_t*, unsigned int)[m[K’:
[01m[K/home/autocam/dvrk2.1_ws/src/cisst-saw/sawRobotIO1394/components/code/Amp1394/lib/code/EthBasePort.cpp:399:96:[m[K [01;35m[Kwarning: [m[Kunused parameter ‘[01m[Kmax_quads[m[K’ [[01;35m[K-Wunused-parameter[m[K]
 void EthBasePort::PrintEthernetPacket(std::ostream &out, const quadlet_t *packet, unsigned int [01;35m[Kmax_quads[m[K)
                                                                                                [01;35m[K^~~~~~~~~[m[K
[01m[K/home/autocam/dvrk2.1_ws/src/cisst-saw/sawRobotIO1394/components/code/Amp1394/lib/code/EthBasePort.cpp:[m[K In static member function ‘[01m[Kstatic bool EthBasePort::checkCRC(const unsigned char*)[m[K’:
[01m[K/home/autocam/dvrk2.1_ws/src/cisst-saw/sawRobotIO1394/components/code/Amp1394/lib/code/EthBasePort.cpp:804:49:[m[K [01;35m[Kwarning: [m[Kunused parameter ‘[01m[Kpacket[m[K’ [[01;35m[K-Wunused-parameter[m[K]
 bool EthBasePort::checkCRC(const unsigned char *[01;35m[Kpacket[m[K)
                                                 [01;35m[K^~~~~~[m[K
[ 33%] Built target Amp1394Console
[ 35%] [32m[1mLinking CXX static library /home/autocam/dvrk2.1_ws/devel/.private/saw_robot_io_1394/lib/libAmp1394.a[0m
[ 35%] Built target Amp1394
[ 37%] [34m[1mcisstDataGenerator for osaConfiguration1394[0m
[35m[1mConsolidate compiler generated dependencies of target instrument[0m
[35m[1mConsolidate compiler generated dependencies of target qladisp[0m
[35m[1mConsolidate compiler generated dependencies of target fwPortTest[0m
[35m[1mConsolidate compiler generated dependencies of target qlatest[0m
[35m[1mConsolidate compiler generated dependencies of target qlacloserelays[0m
[35m[1mConsolidate compiler generated dependencies of target enctest[0m
[35m[1mConsolidate compiler generated dependencies of target block1394eth[0m
[35m[1mConsolidate compiler generated dependencies of target qlacommand[0m
[35m[1mConsolidate compiler generated dependencies of target eth1394Test[0m
cisstDataGenerator: generating /home/autocam/dvrk2.1_ws/build/saw_robot_io_1394/include/sawRobotIO1394/osaConfiguration1394.h and /home/autocam/dvrk2.1_ws/build/saw_robot_io_1394/osaConfiguration1394_cdg.cpp from /home/autocam/dvrk2.1_ws/src/cisst-saw/sawRobotIO1394/components/code/osaConfiguration1394.cdg
[35m[1mConsolidate compiler generated dependencies of target pgm1394[0m
cisstDataGenerator: parse succeeded
cisstDataGenerator: generating header file "/home/autocam/dvrk2.1_ws/build/saw_robot_io_1394/include/sawRobotIO1394/osaConfiguration1394.h"
cisstDataGenerator: generating code file "/home/autocam/dvrk2.1_ws/build/saw_robot_io_1394/osaConfiguration1394_cdg.cpp"
[ 44%] [32mBuilding CXX object code/Amp1394/tests/CMakeFiles/eth1394Test.dir/mainEth1394.cpp.o[0m
[ 44%] [32mBuilding CXX object code/Amp1394/tests/CMakeFiles/fwPortTest.dir/fwPortTest.cpp.o[0m
[ 44%] [32mBuilding CXX object code/Amp1394/tests/CMakeFiles/qlacloserelays.dir/qlacloserelays.cpp.o[0m
[ 44%] [32mBuilding CXX object code/Amp1394/tests/CMakeFiles/instrument.dir/instrument.cpp.o[0m
[ 48%] [32mBuilding CXX object code/Amp1394/tests/CMakeFiles/enctest.dir/enctest.cpp.o[0m
[ 48%] [32mBuilding CXX object code/Amp1394/tests/CMakeFiles/qladisp.dir/qladisp.cpp.o[0m
[ 50%] [32mBuilding CXX object code/Amp1394/tests/CMakeFiles/qlacommand.dir/qlacommand.cpp.o[0m
[ 51%] [32mBuilding CXX object code/Amp1394/tests/CMakeFiles/block1394eth.dir/block1394eth.cpp.o[0m
[ 53%] [32mBuilding CXX object code/Amp1394/tests/CMakeFiles/qlatest.dir/qlatest.cpp.o[0m
[ 55%] [32mBuilding CXX object code/Amp1394/programmer/CMakeFiles/pgm1394.dir/pgm1394.cpp.o[0m
[35m[1mConsolidate compiler generated dependencies of target sawRobotIO1394[0m
[ 57%] [32mBuilding CXX object CMakeFiles/sawRobotIO1394.dir/code/osaXML1394.cpp.o[0m
[ 59%] [32m[1mLinking CXX executable /home/autocam/dvrk2.1_ws/devel/.private/saw_robot_io_1394/bin/qlacommand[0m
[01m[K/home/autocam/dvrk2.1_ws/src/cisst-saw/sawRobotIO1394/components/code/Amp1394/tests/qlatest.cpp:[m[K In function ‘[01m[Kbool TestEthernet(int, AmpIO&, BasePort*, std::ofstream&)[m[K’:
[01m[K/home/autocam/dvrk2.1_ws/src/cisst-saw/sawRobotIO1394/components/code/Amp1394/tests/qlatest.cpp:717:23:[m[K [01;35m[Kwarning: [m[Kunused parameter ‘[01m[KcurLine[m[K’ [[01;35m[K-Wunused-parameter[m[K]
 bool TestEthernet(int [01;35m[KcurLine[m[K, AmpIO &Board, BasePort *Port, std::ofstream &logFile)
                       [01;35m[K^~~~~~~[m[K
[01m[K/home/autocam/dvrk2.1_ws/src/cisst-saw/sawRobotIO1394/components/code/Amp1394/tests/qlatest.cpp:717:56:[m[K [01;35m[Kwarning: [m[Kunused parameter ‘[01m[KPort[m[K’ [[01;35m[K-Wunused-parameter[m[K]
 bool TestEthernet(int curLine, AmpIO &Board, BasePort *[01;35m[KPort[m[K, std::ofstream &logFile)
                                                        [01;35m[K^~~~[m[K
[01m[K/home/autocam/dvrk2.1_ws/src/cisst-saw/sawRobotIO1394/components/code/Amp1394/tests/mainEth1394.cpp:[m[K In function ‘[01m[Kint main(int, char**)[m[K’:
[01m[K/home/autocam/dvrk2.1_ws/src/cisst-saw/sawRobotIO1394/components/code/Amp1394/tests/mainEth1394.cpp:910:19:[m[K [01;35m[Kwarning: [m[Kunused variable ‘[01m[Kwrite_block[m[K’ [[01;35m[K-Wunused-variable[m[K]
         quadlet_t [01;35m[Kwrite_block[m[K[5] = { 0x11111111, 0x22222222, 0x33333333, 0x44444444, 0x55555555 };
                   [01;35m[K^~~~~~~~~~~[m[K
[ 61%] [32m[1mLinking CXX executable /home/autocam/dvrk2.1_ws/devel/.private/saw_robot_io_1394/bin/qlacloserelays[0m
[ 62%] [32m[1mLinking CXX executable /home/autocam/dvrk2.1_ws/devel/.private/saw_robot_io_1394/bin/fwPortTest[0m
[ 64%] [32m[1mLinking CXX executable /home/autocam/dvrk2.1_ws/devel/.private/saw_robot_io_1394/bin/instrument[0m
[ 64%] Built target qlacommand
[ 66%] [32m[1mLinking CXX executable /home/autocam/dvrk2.1_ws/devel/.private/saw_robot_io_1394/bin/block1394eth[0m
[ 68%] [32mBuilding CXX object code/Amp1394/programmer/CMakeFiles/pgm1394.dir/mcsFile.cpp.o[0m
[ 68%] Built target qlacloserelays
[ 70%] [32mBuilding CXX object CMakeFiles/sawRobotIO1394.dir/code/mtsRobot1394.cpp.o[0m
[ 70%] Built target fwPortTest
[ 72%] [32mBuilding CXX object CMakeFiles/sawRobotIO1394.dir/code/mtsDigitalInput1394.cpp.o[0m
[ 72%] Built target instrument
[ 74%] [32mBuilding CXX object CMakeFiles/sawRobotIO1394.dir/code/mtsDigitalOutput1394.cpp.o[0m
[34m[1mGenerating quad1394eth[0m
[ 74%] Built target block1394eth
[ 75%] [32mBuilding CXX object CMakeFiles/sawRobotIO1394.dir/code/mtsDallasChip1394.cpp.o[0m
[01m[K/home/autocam/dvrk2.1_ws/src/cisst-saw/sawRobotIO1394/components/code/Amp1394/tests/qladisp.cpp:[m[K In function ‘[01m[Kint main(int, char**)[m[K’:
[01m[K/home/autocam/dvrk2.1_ws/src/cisst-saw/sawRobotIO1394/components/code/Amp1394/tests/qladisp.cpp:168:5:[m[K [01;35m[Kwarning: [m[K‘[01m[K%2d[m[K’ directive writing between 2 and 5 bytes into a region of size 3 [[01;35m[K-Wformat-overflow=[m[K]
 int [01;35m[Kmain[m[K(int argc, char** argv)
     [01;35m[K^~~~[m[K
[01m[K/home/autocam/dvrk2.1_ws/src/cisst-saw/sawRobotIO1394/components/code/Amp1394/tests/qladisp.cpp:168:5:[m[K [01;36m[Knote: [m[Kdirective argument in the range [0, 65535]
In file included from [01m[K/usr/include/stdio.h:862:0[m[K,
                 from [01m[K/usr/include/c++/7/cstdio:42[m[K,
                 from [01m[K/usr/include/c++/7/ext/string_conversions.h:43[m[K,
                 from [01m[K/usr/include/c++/7/bits/basic_string.h:6361[m[K,
                 from [01m[K/usr/include/c++/7/string:52[m[K,
                 from [01m[K/usr/include/c++/7/bits/locale_classes.h:40[m[K,
                 from [01m[K/usr/include/c++/7/bits/ios_base.h:41[m[K,
                 from [01m[K/usr/include/c++/7/ios:42[m[K,
                 from [01m[K/usr/include/c++/7/ostream:38[m[K,
                 from [01m[K/usr/include/c++/7/iostream:39[m[K,
                 from [01m[K/home/autocam/dvrk2.1_ws/src/cisst-saw/sawRobotIO1394/components/code/Amp1394/tests/qladisp.cpp:33[m[K:
[01m[K/usr/include/x86_64-linux-gnu/bits/stdio2.h:34:43:[m[K [01;36m[Knote: [m[K‘[01m[K__builtin___sprintf_chk[m[K’ output between 3 and 6 bytes into a destination of size 3
       __bos (__s), __fmt, __va_arg_pack ()[01;36m[K)[m[K;
                                           [01;36m[K^[m[K
[ 77%] [32mBuilding CXX object CMakeFiles/sawRobotIO1394.dir/code/mtsRobotIO1394.cpp.o[0m
[ 79%] [32m[1mLinking CXX executable /home/autocam/dvrk2.1_ws/devel/.private/saw_robot_io_1394/bin/pgm1394[0m
[ 81%] [32m[1mLinking CXX executable /home/autocam/dvrk2.1_ws/devel/.private/saw_robot_io_1394/bin/qlatest[0m
[ 83%] [32m[1mLinking CXX executable /home/autocam/dvrk2.1_ws/devel/.private/saw_robot_io_1394/bin/enctest[0m
[ 83%] Built target pgm1394
[ 85%] [32mBuilding CXX object CMakeFiles/sawRobotIO1394.dir/osaConfiguration1394_cdg.cpp.o[0m
[ 85%] Built target qlatest
[ 85%] Built target enctest
[ 87%] [32m[1mLinking CXX executable /home/autocam/dvrk2.1_ws/devel/.private/saw_robot_io_1394/bin/qladisp[0m
[ 88%] [32m[1mLinking CXX executable /home/autocam/dvrk2.1_ws/devel/.private/saw_robot_io_1394/bin/eth1394Test[0m
[ 88%] Built target qladisp
[ 88%] Built target eth1394Test
[ 90%] [32m[1mLinking CXX shared library /home/autocam/dvrk2.1_ws/devel/.private/saw_robot_io_1394/lib/libsawRobotIO1394.so[0m
[ 90%] Built target sawRobotIO1394
[ 92%] [34m[1mAutomatic MOC for target sawRobotIO1394Qt[0m
[ 92%] Built target sawRobotIO1394Qt_autogen
[35m[1mConsolidate compiler generated dependencies of target sawRobotIO1394Qt[0m
[ 94%] [32mBuilding CXX object code/Qt/CMakeFiles/sawRobotIO1394Qt.dir/sawRobotIO1394Qt_autogen/mocs_compilation.cpp.o[0m
[ 96%] [32mBuilding CXX object code/Qt/CMakeFiles/sawRobotIO1394Qt.dir/mtsRobot1394QtWidget.cpp.o[0m
[ 98%] [32mBuilding CXX object code/Qt/CMakeFiles/sawRobotIO1394Qt.dir/mtsRobotIO1394QtWidgetFactory.cpp.o[0m
[100%] [32m[1mLinking CXX shared library /home/autocam/dvrk2.1_ws/devel/.private/saw_robot_io_1394/lib/libsawRobotIO1394Qt.so[0m
[100%] Built target sawRobotIO1394Qt
