Linked: (/home/autocam/dvrk2.1_ws/devel/.private/crtk_msgs/lib/python2.7/dist-packages/crtk_msgs/__init__.py, /home/autocam/dvrk2.1_ws/devel/lib/python2.7/dist-packages/crtk_msgs/__init__.py)
Linked: (/home/autocam/dvrk2.1_ws/devel/.private/crtk_msgs/lib/python2.7/dist-packages/crtk_msgs/srv/_trigger_operating_state.py, /home/autocam/dvrk2.1_ws/devel/lib/python2.7/dist-packages/crtk_msgs/srv/_trigger_operating_state.py)
Linked: (/home/autocam/dvrk2.1_ws/devel/.private/crtk_msgs/lib/python2.7/dist-packages/crtk_msgs/srv/__init__.py, /home/autocam/dvrk2.1_ws/devel/lib/python2.7/dist-packages/crtk_msgs/srv/__init__.py)
Linked: (/home/autocam/dvrk2.1_ws/devel/.private/crtk_msgs/lib/python2.7/dist-packages/crtk_msgs/msg/_StringStamped.py, /home/autocam/dvrk2.1_ws/devel/lib/python2.7/dist-packages/crtk_msgs/msg/_StringStamped.py)
Linked: (/home/autocam/dvrk2.1_ws/devel/.private/crtk_msgs/lib/python2.7/dist-packages/crtk_msgs/msg/_operating_state.py, /home/autocam/dvrk2.1_ws/devel/lib/python2.7/dist-packages/crtk_msgs/msg/_operating_state.py)
Linked: (/home/autocam/dvrk2.1_ws/devel/.private/crtk_msgs/lib/python2.7/dist-packages/crtk_msgs/msg/__init__.py, /home/autocam/dvrk2.1_ws/devel/lib/python2.7/dist-packages/crtk_msgs/msg/__init__.py)
Linked: (/home/autocam/dvrk2.1_ws/devel/.private/crtk_msgs/lib/pkgconfig/crtk_msgs.pc, /home/autocam/dvrk2.1_ws/devel/lib/pkgconfig/crtk_msgs.pc)
Linked: (/home/autocam/dvrk2.1_ws/devel/.private/crtk_msgs/share/common-lisp/ros/crtk_msgs/srv/trigger_operating_state.lisp, /home/autocam/dvrk2.1_ws/devel/share/common-lisp/ros/crtk_msgs/srv/trigger_operating_state.lisp)
Linked: (/home/autocam/dvrk2.1_ws/devel/.private/crtk_msgs/share/common-lisp/ros/crtk_msgs/srv/crtk_msgs-srv.asd, /home/autocam/dvrk2.1_ws/devel/share/common-lisp/ros/crtk_msgs/srv/crtk_msgs-srv.asd)
Linked: (/home/autocam/dvrk2.1_ws/devel/.private/crtk_msgs/share/common-lisp/ros/crtk_msgs/srv/_package_trigger_operating_state.lisp, /home/autocam/dvrk2.1_ws/devel/share/common-lisp/ros/crtk_msgs/srv/_package_trigger_operating_state.lisp)
Linked: (/home/autocam/dvrk2.1_ws/devel/.private/crtk_msgs/share/common-lisp/ros/crtk_msgs/srv/_package.lisp, /home/autocam/dvrk2.1_ws/devel/share/common-lisp/ros/crtk_msgs/srv/_package.lisp)
Linked: (/home/autocam/dvrk2.1_ws/devel/.private/crtk_msgs/share/common-lisp/ros/crtk_msgs/msg/operating_state.lisp, /home/autocam/dvrk2.1_ws/devel/share/common-lisp/ros/crtk_msgs/msg/operating_state.lisp)
Linked: (/home/autocam/dvrk2.1_ws/devel/.private/crtk_msgs/share/common-lisp/ros/crtk_msgs/msg/_package_operating_state.lisp, /home/autocam/dvrk2.1_ws/devel/share/common-lisp/ros/crtk_msgs/msg/_package_operating_state.lisp)
Linked: (/home/autocam/dvrk2.1_ws/devel/.private/crtk_msgs/share/common-lisp/ros/crtk_msgs/msg/StringStamped.lisp, /home/autocam/dvrk2.1_ws/devel/share/common-lisp/ros/crtk_msgs/msg/StringStamped.lisp)
Linked: (/home/autocam/dvrk2.1_ws/devel/.private/crtk_msgs/share/common-lisp/ros/crtk_msgs/msg/_package_StringStamped.lisp, /home/autocam/dvrk2.1_ws/devel/share/common-lisp/ros/crtk_msgs/msg/_package_StringStamped.lisp)
Linked: (/home/autocam/dvrk2.1_ws/devel/.private/crtk_msgs/share/common-lisp/ros/crtk_msgs/msg/_package.lisp, /home/autocam/dvrk2.1_ws/devel/share/common-lisp/ros/crtk_msgs/msg/_package.lisp)
Linked: (/home/autocam/dvrk2.1_ws/devel/.private/crtk_msgs/share/common-lisp/ros/crtk_msgs/msg/crtk_msgs-msg.asd, /home/autocam/dvrk2.1_ws/devel/share/common-lisp/ros/crtk_msgs/msg/crtk_msgs-msg.asd)
Linked: (/home/autocam/dvrk2.1_ws/devel/.private/crtk_msgs/share/crtk_msgs/cmake/crtk_msgsConfig-version.cmake, /home/autocam/dvrk2.1_ws/devel/share/crtk_msgs/cmake/crtk_msgsConfig-version.cmake)
Linked: (/home/autocam/dvrk2.1_ws/devel/.private/crtk_msgs/share/crtk_msgs/cmake/crtk_msgs-msg-paths.cmake, /home/autocam/dvrk2.1_ws/devel/share/crtk_msgs/cmake/crtk_msgs-msg-paths.cmake)
Linked: (/home/autocam/dvrk2.1_ws/devel/.private/crtk_msgs/share/crtk_msgs/cmake/crtk_msgsConfig.cmake, /home/autocam/dvrk2.1_ws/devel/share/crtk_msgs/cmake/crtk_msgsConfig.cmake)
Linked: (/home/autocam/dvrk2.1_ws/devel/.private/crtk_msgs/share/crtk_msgs/cmake/crtk_msgs-msg-extras.cmake, /home/autocam/dvrk2.1_ws/devel/share/crtk_msgs/cmake/crtk_msgs-msg-extras.cmake)
Linked: (/home/autocam/dvrk2.1_ws/devel/.private/crtk_msgs/share/gennodejs/ros/crtk_msgs/_index.js, /home/autocam/dvrk2.1_ws/devel/share/gennodejs/ros/crtk_msgs/_index.js)
Linked: (/home/autocam/dvrk2.1_ws/devel/.private/crtk_msgs/share/gennodejs/ros/crtk_msgs/srv/trigger_operating_state.js, /home/autocam/dvrk2.1_ws/devel/share/gennodejs/ros/crtk_msgs/srv/trigger_operating_state.js)
Linked: (/home/autocam/dvrk2.1_ws/devel/.private/crtk_msgs/share/gennodejs/ros/crtk_msgs/srv/_index.js, /home/autocam/dvrk2.1_ws/devel/share/gennodejs/ros/crtk_msgs/srv/_index.js)
Linked: (/home/autocam/dvrk2.1_ws/devel/.private/crtk_msgs/share/gennodejs/ros/crtk_msgs/msg/StringStamped.js, /home/autocam/dvrk2.1_ws/devel/share/gennodejs/ros/crtk_msgs/msg/StringStamped.js)
Linked: (/home/autocam/dvrk2.1_ws/devel/.private/crtk_msgs/share/gennodejs/ros/crtk_msgs/msg/operating_state.js, /home/autocam/dvrk2.1_ws/devel/share/gennodejs/ros/crtk_msgs/msg/operating_state.js)
Linked: (/home/autocam/dvrk2.1_ws/devel/.private/crtk_msgs/share/gennodejs/ros/crtk_msgs/msg/_index.js, /home/autocam/dvrk2.1_ws/devel/share/gennodejs/ros/crtk_msgs/msg/_index.js)
Linked: (/home/autocam/dvrk2.1_ws/devel/.private/crtk_msgs/share/roseus/ros/crtk_msgs/manifest.l, /home/autocam/dvrk2.1_ws/devel/share/roseus/ros/crtk_msgs/manifest.l)
Linked: (/home/autocam/dvrk2.1_ws/devel/.private/crtk_msgs/share/roseus/ros/crtk_msgs/srv/trigger_operating_state.l, /home/autocam/dvrk2.1_ws/devel/share/roseus/ros/crtk_msgs/srv/trigger_operating_state.l)
Linked: (/home/autocam/dvrk2.1_ws/devel/.private/crtk_msgs/share/roseus/ros/crtk_msgs/msg/StringStamped.l, /home/autocam/dvrk2.1_ws/devel/share/roseus/ros/crtk_msgs/msg/StringStamped.l)
Linked: (/home/autocam/dvrk2.1_ws/devel/.private/crtk_msgs/share/roseus/ros/crtk_msgs/msg/operating_state.l, /home/autocam/dvrk2.1_ws/devel/share/roseus/ros/crtk_msgs/msg/operating_state.l)
Linked: (/home/autocam/dvrk2.1_ws/devel/.private/crtk_msgs/include/crtk_msgs/trigger_operating_stateResponse.h, /home/autocam/dvrk2.1_ws/devel/include/crtk_msgs/trigger_operating_stateResponse.h)
Linked: (/home/autocam/dvrk2.1_ws/devel/.private/crtk_msgs/include/crtk_msgs/operating_state.h, /home/autocam/dvrk2.1_ws/devel/include/crtk_msgs/operating_state.h)
Linked: (/home/autocam/dvrk2.1_ws/devel/.private/crtk_msgs/include/crtk_msgs/trigger_operating_state.h, /home/autocam/dvrk2.1_ws/devel/include/crtk_msgs/trigger_operating_state.h)
Linked: (/home/autocam/dvrk2.1_ws/devel/.private/crtk_msgs/include/crtk_msgs/StringStamped.h, /home/autocam/dvrk2.1_ws/devel/include/crtk_msgs/StringStamped.h)
Linked: (/home/autocam/dvrk2.1_ws/devel/.private/crtk_msgs/include/crtk_msgs/trigger_operating_stateRequest.h, /home/autocam/dvrk2.1_ws/devel/include/crtk_msgs/trigger_operating_stateRequest.h)
