[36m--[0m The C compiler identification is GNU 7.5.0
[36m--[0m The CXX compiler identification is GNU 7.5.0
[36m--[0m Detecting C compiler ABI info
[36m--[0m Detecting C compiler ABI info - done
[36m--[0m Check for working C compiler: /usr/bin/cc - skipped
[36m--[0m Detecting C compile features
[36m--[0m Detecting C compile features - done
[36m--[0m Detecting CXX compiler ABI info
[36m--[0m Detecting CXX compiler ABI info - done
[36m--[0m Check for working CXX compiler: /usr/bin/c++ - skipped
[36m--[0m Detecting CXX compile features
[36m--[0m Detecting CXX compile features - done
[36m--[0m Assuming cisst is built using ROS/catkin since ROS_ROOT is defined in environment
[33mCMake Warning (dev) at /usr/share/cmake-3.24/Modules/FindOpenGL.cmake:315 (message):
  Policy CMP0072 is not set: FindOpenGL prefers GLVND by default when
  available.  Run "cmake --help-policy CMP0072" for policy details.  Use the
  cmake_policy command to set the policy and suppress this warning.

  FindOpenGL found both a legacy GL library:

    OPENGL_gl_LIBRARY: /usr/lib/x86_64-linux-gnu/libGL.so

  and GLVND libraries for OpenGL and GLX:

    OPENGL_opengl_LIBRARY: /usr/lib/x86_64-linux-gnu/libOpenGL.so
    OPENGL_glx_LIBRARY: /usr/lib/x86_64-linux-gnu/libGLX.so

  OpenGL_GL_PREFERENCE has not been set to "GLVND" or "LEGACY", so for
  compatibility with CMake 3.10 and below the legacy GL library will be used.
[36mCall Stack (most recent call first):[0m
  cisst-dependencies/CMakeLists.txt:14 (find_package)
This warning is for project developers.  Use -Wno-dev to suppress it.
[0m
[36m--[0m Found SWIG: /usr/bin/swig3.0 (found suitable version "3.0.12", minimum required is "1.3.36")
[36m--[0m Checking to see if size_t is a native type
[36m--[0m Checking to see if size_t is a native type - no
[36m--[0m Found SWIG: /usr/bin/swig3.0 (found version "3.0.12")
[33mCMake Warning (dev) at /usr/share/cmake-3.24/Modules/UseSWIG.cmake:775 (message):
  Policy CMP0078 is not set: UseSWIG generates standard target names.  Run
  "cmake --help-policy CMP0078" for policy details.  Use the cmake_policy
  command to set the policy and suppress this warning.

[36mCall Stack (most recent call first):[0m
  cmake/cisstMacros.cmake:566 (swig_add_library)
  cisstCommon/codePython/CMakeLists.txt:17 (cisst_add_swig_module)
This warning is for project developers.  Use -Wno-dev to suppress it.
[0m
[33mCMake Warning (dev) at /usr/share/cmake-3.24/Modules/UseSWIG.cmake:617 (message):
  Policy CMP0086 is not set: UseSWIG honors SWIG_MODULE_NAME via -module
  flag.  Run "cmake --help-policy CMP0086" for policy details.  Use the
  cmake_policy command to set the policy and suppress this warning.

[36mCall Stack (most recent call first):[0m
  /usr/share/cmake-3.24/Modules/UseSWIG.cmake:888 (SWIG_ADD_SOURCE_TO_MODULE)
  cmake/cisstMacros.cmake:566 (swig_add_library)
  cisstCommon/codePython/CMakeLists.txt:17 (cisst_add_swig_module)
This warning is for project developers.  Use -Wno-dev to suppress it.
[0m
[33mCMake Warning (dev) at /usr/share/cmake-3.24/Modules/UseSWIG.cmake:914 (if):
  Policy CMP0054 is not set: Only interpret if() arguments as variables or
  keywords when unquoted.  Run "cmake --help-policy CMP0054" for policy
  details.  Use the cmake_policy command to set the policy and suppress this
  warning.

  Quoted variables like "MODULE" will no longer be dereferenced when the
  policy is set to NEW.  Since the policy is not set the OLD behavior will be
  used.
[36mCall Stack (most recent call first):[0m
  cmake/cisstMacros.cmake:566 (swig_add_library)
  cisstCommon/codePython/CMakeLists.txt:17 (cisst_add_swig_module)
This warning is for project developers.  Use -Wno-dev to suppress it.
[0m
[33mCMake Warning (dev) at /usr/share/cmake-3.24/Modules/UseSWIG.cmake:775 (message):
  Policy CMP0078 is not set: UseSWIG generates standard target names.  Run
  "cmake --help-policy CMP0078" for policy details.  Use the cmake_policy
  command to set the policy and suppress this warning.

[36mCall Stack (most recent call first):[0m
  cmake/cisstMacros.cmake:566 (swig_add_library)
  cisstVector/codePython/CMakeLists.txt:16 (cisst_add_swig_module)
This warning is for project developers.  Use -Wno-dev to suppress it.
[0m
[33mCMake Warning (dev) at /usr/share/cmake-3.24/Modules/UseSWIG.cmake:617 (message):
  Policy CMP0086 is not set: UseSWIG honors SWIG_MODULE_NAME via -module
  flag.  Run "cmake --help-policy CMP0086" for policy details.  Use the
  cmake_policy command to set the policy and suppress this warning.

[36mCall Stack (most recent call first):[0m
  /usr/share/cmake-3.24/Modules/UseSWIG.cmake:888 (SWIG_ADD_SOURCE_TO_MODULE)
  cmake/cisstMacros.cmake:566 (swig_add_library)
  cisstVector/codePython/CMakeLists.txt:16 (cisst_add_swig_module)
This warning is for project developers.  Use -Wno-dev to suppress it.
[0m
[33mCMake Warning (dev) at /usr/share/cmake-3.24/Modules/UseSWIG.cmake:914 (if):
  Policy CMP0054 is not set: Only interpret if() arguments as variables or
  keywords when unquoted.  Run "cmake --help-policy CMP0054" for policy
  details.  Use the cmake_policy command to set the policy and suppress this
  warning.

  Quoted variables like "MODULE" will no longer be dereferenced when the
  policy is set to NEW.  Since the policy is not set the OLD behavior will be
  used.
[36mCall Stack (most recent call first):[0m
  cmake/cisstMacros.cmake:566 (swig_add_library)
  cisstVector/codePython/CMakeLists.txt:16 (cisst_add_swig_module)
This warning is for project developers.  Use -Wno-dev to suppress it.
[0m
[33mCMake Warning (dev) at /usr/share/cmake-3.24/Modules/UseSWIG.cmake:775 (message):
  Policy CMP0078 is not set: UseSWIG generates standard target names.  Run
  "cmake --help-policy CMP0078" for policy details.  Use the cmake_policy
  command to set the policy and suppress this warning.

[36mCall Stack (most recent call first):[0m
  cmake/cisstMacros.cmake:566 (swig_add_library)
  cisstOSAbstraction/codePython/CMakeLists.txt:18 (cisst_add_swig_module)
This warning is for project developers.  Use -Wno-dev to suppress it.
[0m
[33mCMake Warning (dev) at /usr/share/cmake-3.24/Modules/UseSWIG.cmake:617 (message):
  Policy CMP0086 is not set: UseSWIG honors SWIG_MODULE_NAME via -module
  flag.  Run "cmake --help-policy CMP0086" for policy details.  Use the
  cmake_policy command to set the policy and suppress this warning.

[36mCall Stack (most recent call first):[0m
  /usr/share/cmake-3.24/Modules/UseSWIG.cmake:888 (SWIG_ADD_SOURCE_TO_MODULE)
  cmake/cisstMacros.cmake:566 (swig_add_library)
  cisstOSAbstraction/codePython/CMakeLists.txt:18 (cisst_add_swig_module)
This warning is for project developers.  Use -Wno-dev to suppress it.
[0m
[33mCMake Warning (dev) at /usr/share/cmake-3.24/Modules/UseSWIG.cmake:914 (if):
  Policy CMP0054 is not set: Only interpret if() arguments as variables or
  keywords when unquoted.  Run "cmake --help-policy CMP0054" for policy
  details.  Use the cmake_policy command to set the policy and suppress this
  warning.

  Quoted variables like "MODULE" will no longer be dereferenced when the
  policy is set to NEW.  Since the policy is not set the OLD behavior will be
  used.
[36mCall Stack (most recent call first):[0m
  cmake/cisstMacros.cmake:566 (swig_add_library)
  cisstOSAbstraction/codePython/CMakeLists.txt:18 (cisst_add_swig_module)
This warning is for project developers.  Use -Wno-dev to suppress it.
[0m
[33mCMake Warning (dev) at /usr/share/cmake-3.24/Modules/UseSWIG.cmake:775 (message):
  Policy CMP0078 is not set: UseSWIG generates standard target names.  Run
  "cmake --help-policy CMP0078" for policy details.  Use the cmake_policy
  command to set the policy and suppress this warning.

[36mCall Stack (most recent call first):[0m
  cmake/cisstMacros.cmake:566 (swig_add_library)
  cisstNumerical/codePython/CMakeLists.txt:18 (cisst_add_swig_module)
This warning is for project developers.  Use -Wno-dev to suppress it.
[0m
[33mCMake Warning (dev) at /usr/share/cmake-3.24/Modules/UseSWIG.cmake:617 (message):
  Policy CMP0086 is not set: UseSWIG honors SWIG_MODULE_NAME via -module
  flag.  Run "cmake --help-policy CMP0086" for policy details.  Use the
  cmake_policy command to set the policy and suppress this warning.

[36mCall Stack (most recent call first):[0m
  /usr/share/cmake-3.24/Modules/UseSWIG.cmake:888 (SWIG_ADD_SOURCE_TO_MODULE)
  cmake/cisstMacros.cmake:566 (swig_add_library)
  cisstNumerical/codePython/CMakeLists.txt:18 (cisst_add_swig_module)
This warning is for project developers.  Use -Wno-dev to suppress it.
[0m
[33mCMake Warning (dev) at /usr/share/cmake-3.24/Modules/UseSWIG.cmake:914 (if):
  Policy CMP0054 is not set: Only interpret if() arguments as variables or
  keywords when unquoted.  Run "cmake --help-policy CMP0054" for policy
  details.  Use the cmake_policy command to set the policy and suppress this
  warning.

  Quoted variables like "MODULE" will no longer be dereferenced when the
  policy is set to NEW.  Since the policy is not set the OLD behavior will be
  used.
[36mCall Stack (most recent call first):[0m
  cmake/cisstMacros.cmake:566 (swig_add_library)
  cisstNumerical/codePython/CMakeLists.txt:18 (cisst_add_swig_module)
This warning is for project developers.  Use -Wno-dev to suppress it.
[0m
[0mCMake Deprecation Warning at cisstMultiTask/applications/cisstComponentManager/CMakeLists.txt:16 (cmake_minimum_required):
  Compatibility with CMake < 2.8.12 will be removed from a future version of
  CMake.

  Update the VERSION argument <min> value or use a ...<max> suffix to tell
  CMake that the project does not need compatibility with older versions.

[0m
[0mInformation: code in /home/autocam/dvrk2.1_ws/src/cisst-saw/cisst/cisstMultiTask/applications/cisstIREComponent will not be compiled, it requires cisstInteractive.  You have to change your cisst configuration if you need these features.[0m
[33mCMake Warning (dev) at /usr/share/cmake-3.24/Modules/UseSWIG.cmake:775 (message):
  Policy CMP0078 is not set: UseSWIG generates standard target names.  Run
  "cmake --help-policy CMP0078" for policy details.  Use the cmake_policy
  command to set the policy and suppress this warning.

[36mCall Stack (most recent call first):[0m
  cmake/cisstMacros.cmake:566 (swig_add_library)
  cisstMultiTask/codePython/CMakeLists.txt:19 (cisst_add_swig_module)
This warning is for project developers.  Use -Wno-dev to suppress it.
[0m
[33mCMake Warning (dev) at /usr/share/cmake-3.24/Modules/UseSWIG.cmake:617 (message):
  Policy CMP0086 is not set: UseSWIG honors SWIG_MODULE_NAME via -module
  flag.  Run "cmake --help-policy CMP0086" for policy details.  Use the
  cmake_policy command to set the policy and suppress this warning.

[36mCall Stack (most recent call first):[0m
  /usr/share/cmake-3.24/Modules/UseSWIG.cmake:888 (SWIG_ADD_SOURCE_TO_MODULE)
  cmake/cisstMacros.cmake:566 (swig_add_library)
  cisstMultiTask/codePython/CMakeLists.txt:19 (cisst_add_swig_module)
This warning is for project developers.  Use -Wno-dev to suppress it.
[0m
[33mCMake Warning (dev) at /usr/share/cmake-3.24/Modules/UseSWIG.cmake:914 (if):
  Policy CMP0054 is not set: Only interpret if() arguments as variables or
  keywords when unquoted.  Run "cmake --help-policy CMP0054" for policy
  details.  Use the cmake_policy command to set the policy and suppress this
  warning.

  Quoted variables like "MODULE" will no longer be dereferenced when the
  policy is set to NEW.  Since the policy is not set the OLD behavior will be
  used.
[36mCall Stack (most recent call first):[0m
  cmake/cisstMacros.cmake:566 (swig_add_library)
  cisstMultiTask/codePython/CMakeLists.txt:19 (cisst_add_swig_module)
This warning is for project developers.  Use -Wno-dev to suppress it.
[0m
[33mCMake Warning (dev) at /usr/share/cmake-3.24/Modules/UseSWIG.cmake:775 (message):
  Policy CMP0078 is not set: UseSWIG generates standard target names.  Run
  "cmake --help-policy CMP0078" for policy details.  Use the cmake_policy
  command to set the policy and suppress this warning.

[36mCall Stack (most recent call first):[0m
  cmake/cisstMacros.cmake:566 (swig_add_library)
  cisstParameterTypes/codePython/CMakeLists.txt:16 (cisst_add_swig_module)
This warning is for project developers.  Use -Wno-dev to suppress it.
[0m
[33mCMake Warning (dev) at /usr/share/cmake-3.24/Modules/UseSWIG.cmake:617 (message):
  Policy CMP0086 is not set: UseSWIG honors SWIG_MODULE_NAME via -module
  flag.  Run "cmake --help-policy CMP0086" for policy details.  Use the
  cmake_policy command to set the policy and suppress this warning.

[36mCall Stack (most recent call first):[0m
  /usr/share/cmake-3.24/Modules/UseSWIG.cmake:888 (SWIG_ADD_SOURCE_TO_MODULE)
  cmake/cisstMacros.cmake:566 (swig_add_library)
  cisstParameterTypes/codePython/CMakeLists.txt:16 (cisst_add_swig_module)
This warning is for project developers.  Use -Wno-dev to suppress it.
[0m
[33mCMake Warning (dev) at /usr/share/cmake-3.24/Modules/UseSWIG.cmake:914 (if):
  Policy CMP0054 is not set: Only interpret if() arguments as variables or
  keywords when unquoted.  Run "cmake --help-policy CMP0054" for policy
  details.  Use the cmake_policy command to set the policy and suppress this
  warning.

  Quoted variables like "MODULE" will no longer be dereferenced when the
  policy is set to NEW.  Since the policy is not set the OLD behavior will be
  used.
[36mCall Stack (most recent call first):[0m
  cmake/cisstMacros.cmake:566 (swig_add_library)
  cisstParameterTypes/codePython/CMakeLists.txt:16 (cisst_add_swig_module)
This warning is for project developers.  Use -Wno-dev to suppress it.
[0m
[33mCMake Warning (dev) at /usr/share/cmake-3.24/Modules/UseSWIG.cmake:775 (message):
  Policy CMP0078 is not set: UseSWIG generates standard target names.  Run
  "cmake --help-policy CMP0078" for policy details.  Use the cmake_policy
  command to set the policy and suppress this warning.

[36mCall Stack (most recent call first):[0m
  cmake/cisstMacros.cmake:566 (swig_add_library)
  cisstRobot/codePython/CMakeLists.txt:17 (cisst_add_swig_module)
This warning is for project developers.  Use -Wno-dev to suppress it.
[0m
[33mCMake Warning (dev) at /usr/share/cmake-3.24/Modules/UseSWIG.cmake:617 (message):
  Policy CMP0086 is not set: UseSWIG honors SWIG_MODULE_NAME via -module
  flag.  Run "cmake --help-policy CMP0086" for policy details.  Use the
  cmake_policy command to set the policy and suppress this warning.

[36mCall Stack (most recent call first):[0m
  /usr/share/cmake-3.24/Modules/UseSWIG.cmake:888 (SWIG_ADD_SOURCE_TO_MODULE)
  cmake/cisstMacros.cmake:566 (swig_add_library)
  cisstRobot/codePython/CMakeLists.txt:17 (cisst_add_swig_module)
This warning is for project developers.  Use -Wno-dev to suppress it.
[0m
[33mCMake Warning (dev) at /usr/share/cmake-3.24/Modules/UseSWIG.cmake:914 (if):
  Policy CMP0054 is not set: Only interpret if() arguments as variables or
  keywords when unquoted.  Run "cmake --help-policy CMP0054" for policy
  details.  Use the cmake_policy command to set the policy and suppress this
  warning.

  Quoted variables like "MODULE" will no longer be dereferenced when the
  policy is set to NEW.  Since the policy is not set the OLD behavior will be
  used.
[36mCall Stack (most recent call first):[0m
  cmake/cisstMacros.cmake:566 (swig_add_library)
  cisstRobot/codePython/CMakeLists.txt:17 (cisst_add_swig_module)
This warning is for project developers.  Use -Wno-dev to suppress it.
[0m
[33mCMake Warning (dev) at /usr/share/cmake-3.24/Modules/UseSWIG.cmake:775 (message):
  Policy CMP0078 is not set: UseSWIG generates standard target names.  Run
  "cmake --help-policy CMP0078" for policy details.  Use the cmake_policy
  command to set the policy and suppress this warning.

[36mCall Stack (most recent call first):[0m
  cmake/cisstMacros.cmake:566 (swig_add_library)
  cisstMesh/codePython/CMakeLists.txt:16 (cisst_add_swig_module)
This warning is for project developers.  Use -Wno-dev to suppress it.
[0m
[33mCMake Warning (dev) at /usr/share/cmake-3.24/Modules/UseSWIG.cmake:617 (message):
  Policy CMP0086 is not set: UseSWIG honors SWIG_MODULE_NAME via -module
  flag.  Run "cmake --help-policy CMP0086" for policy details.  Use the
  cmake_policy command to set the policy and suppress this warning.

[36mCall Stack (most recent call first):[0m
  /usr/share/cmake-3.24/Modules/UseSWIG.cmake:888 (SWIG_ADD_SOURCE_TO_MODULE)
  cmake/cisstMacros.cmake:566 (swig_add_library)
  cisstMesh/codePython/CMakeLists.txt:16 (cisst_add_swig_module)
This warning is for project developers.  Use -Wno-dev to suppress it.
[0m
[33mCMake Warning (dev) at /usr/share/cmake-3.24/Modules/UseSWIG.cmake:914 (if):
  Policy CMP0054 is not set: Only interpret if() arguments as variables or
  keywords when unquoted.  Run "cmake --help-policy CMP0054" for policy
  details.  Use the cmake_policy command to set the policy and suppress this
  warning.

  Quoted variables like "MODULE" will no longer be dereferenced when the
  policy is set to NEW.  Since the policy is not set the OLD behavior will be
  used.
[36mCall Stack (most recent call first):[0m
  cmake/cisstMacros.cmake:566 (swig_add_library)
  cisstMesh/codePython/CMakeLists.txt:16 (cisst_add_swig_module)
This warning is for project developers.  Use -Wno-dev to suppress it.
[0m
[36m--[0m Configuring done
[36m--[0m Generating done
[36m--[0m Build files have been written to: /home/autocam/dvrk2.1_ws/build/cisst
