[  0%] [34m[1mGenerating /home/autocam/dvrk2.1_ws/build/cisst/include/cisstBuildType.h from /home/autocam/dvrk2.1_ws/src/cisst-saw/cisst/cisstBuildType.h.in[0m
[  0%] [34m[1mCopying data files from models to /home/autocam/dvrk2.1_ws/build/cisst/share/cisst-1.1/models[0m
[  0%] [34m[1mGenerating /home/autocam/dvrk2.1_ws/build/cisst/include/cisstRevision.h from /home/autocam/dvrk2.1_ws/src/cisst-saw/cisst/cisstRevision.h.in[0m
[  1%] [34m[1mCopying data files from images to /home/autocam/dvrk2.1_ws/build/cisst/share/cisst-1.1/images[0m
[  2%] [34m[1mCopying data files from movies to /home/autocam/dvrk2.1_ws/build/cisst/share/cisst-1.1/movies[0m
[  3%] Built target cisstReflexxesTypeIIExternal
-- Build type is: Release
Build suffix is: .
[  3%] Built target cisstBuildType
[  3%] Built target copy_data_movies
-- Found Git revision: 1.1.0-20-g4947d8f7e
[  3%] Built target cisstRevision
[ 15%] Built target cisstDataGenerator
[ 15%] Built target cisstCommon
[ 16%] Built target cisstCommonPython_swig_compilation
[ 16%] Built target cisstCommonXML
[ 17%] Built target cisstCommonQt
[ 22%] Built target cisstOSAbstraction
[ 22%] Built target _cisstCommonPython
[ 22%] Built target copy_data_images
[ 22%] Built target copy_data_models
[ 27%] Built target cisstVector
[ 27%] Built target cisstOSAbstractionPython_swig_compilation
[ 28%] [34m[1mAutomatic MOC for target cisstVectorQt[0m
[ 28%] Built target cisstVectorPython_swig_compilation
[ 29%] Built target cisstVectorFLTK
[ 29%] Built target _cisstOSAbstractionPython
[ 29%] Built target cisstVectorQt_autogen
[ 30%] Built target _cisstVectorPython
[ 35%] Built target cisstNumerical
[ 35%] Built target cisstNumericalPython_swig_compilation
[ 36%] Built target _cisstNumericalPython
[ 39%] Built target cisstVectorQt
[ 44%] Built target cisstRobot
[ 45%] Built target cisstRobotPython_swig_compilation
[ 45%] Built target cisstForwardKinematics
[ 46%] Built target cisstRandomJoints
[ 47%] Built target cisstKinematicsIdentification
[ 47%] Built target cisstRobotSensorCalibration
[ 58%] Built target cisstMesh
[ 76%] Built target cisstMultiTask
[ 77%] [34m[1mAutomatic MOC for target cisstMultiTaskQt[0m
[ 77%] Built target cisstMeshPython_swig_compilation
[ 77%] Built target cisstMultiTaskPython_swig_compilation
[ 77%] Built target _cisstRobotPython
[ 77%] Built target cisstLogger
[ 78%] Built target cisstComponentManager
[ 78%] Built target cisstMultiTaskQt_autogen
[ 79%] Built target _cisstMeshPython
[ 79%] Built target _cisstMultiTaskPython
[ 91%] Built target cisstParameterTypes
[ 91%] [34m[1mAutomatic MOC for target cisstParameterTypesQt[0m
[ 91%] Built target cisstParameterTypesPython_swig_compilation
[ 96%] Built target cisstMultiTaskQt
[ 96%] Built target cisstParameterTypesQt_autogen
[ 97%] Built target _cisstParameterTypesPython
[100%] Built target cisstParameterTypesQt
