[  2%] [34m[1mGenerating /home/autocam/dvrk2.1_ws/build/cisst/include/cisstRevision.h from /home/autocam/dvrk2.1_ws/src/cisst-saw/cisst/cisstRevision.h.in[0m
[  2%] [34m[1mGenerating /home/autocam/dvrk2.1_ws/build/cisst/include/cisstBuildType.h from /home/autocam/dvrk2.1_ws/src/cisst-saw/cisst/cisstBuildType.h.in[0m
[  2%] [34m[1mCopying data files from models to /home/autocam/dvrk2.1_ws/build/cisst/share/cisst-1.1/models[0m
[  2%] [34m[1mCopying data files from images to /home/autocam/dvrk2.1_ws/build/cisst/share/cisst-1.1/images[0m
[  3%] [34m[1mCopying data files from movies to /home/autocam/dvrk2.1_ws/build/cisst/share/cisst-1.1/movies[0m
[  3%] Built target cisstReflexxesTypeIIExternal
-- Build type is: Release
Build suffix is: .
[  3%] Built target cisstBuildType
[  3%] Built target copy_data_movies
-- Found Git revision: 1.1.0-20-g4947d8f7e
[  3%] Built target cisstRevision
[ 15%] Built target cisstDataGenerator
[ 15%] Built target cisstCommon
[ 16%] Built target cisstCommonPython_swig_compilation
[ 17%] Built target cisstCommonXML
[ 17%] Built target cisstCommonQt
[ 17%] Built target copy_data_images
[ 17%] Built target copy_data_models
[ 22%] Built target cisstOSAbstraction
[ 22%] Built target _cisstCommonPython
[ 27%] Built target cisstVector
[ 27%] Built target cisstOSAbstractionPython_swig_compilation
[ 28%] [34m[1mAutomatic MOC for target cisstVectorQt[0m
[ 28%] Built target cisstVectorPython_swig_compilation
[ 33%] Built target cisstNumerical
[ 34%] Built target cisstVectorFLTK
[ 34%] Built target _cisstOSAbstractionPython
[ 34%] Built target cisstVectorQt_autogen
[ 34%] Built target cisstNumericalPython_swig_compilation
[ 35%] Built target _cisstVectorPython
[ 46%] Built target cisstRobot
[ 58%] Built target cisstMultiTask
[ 59%] Built target _cisstNumericalPython
[ 62%] Built target cisstVectorQt
[ 73%] Built target cisstMesh
[ 73%] Built target cisstMultiTaskPython_swig_compilation
[ 73%] Built target cisstForwardKinematics
[ 74%] Built target cisstRobotPython_swig_compilation
[ 74%] Built target cisstRobotSensorCalibration
[ 74%] Built target cisstLogger
[ 75%] [34m[1mAutomatic MOC for target cisstMultiTaskQt[0m
[ 76%] Built target cisstComponentManager
[ 77%] Built target cisstRandomJoints
[ 78%] Built target cisstKinematicsIdentification
[ 78%] Built target cisstMeshPython_swig_compilation
[ 78%] Built target cisstMultiTaskQt_autogen
[ 78%] Built target _cisstRobotPython
[ 78%] Built target _cisstMultiTaskPython
[ 90%] Built target cisstParameterTypes
[ 91%] Built target _cisstMeshPython
[ 91%] [34m[1mAutomatic MOC for target cisstParameterTypesQt[0m
[ 91%] Built target cisstParameterTypesPython_swig_compilation
[ 91%] Built target cisstParameterTypesQt_autogen
[ 96%] Built target cisstMultiTaskQt
[ 97%] Built target _cisstParameterTypesPython
[100%] Built target cisstParameterTypesQt
